C51 COMPILER V9.54   APP_HAL_API                                                           01/18/2017 12:57:27 PAGE 1   


C51 COMPILER V9.54, COMPILATION OF MODULE APP_HAL_API
OBJECT MODULE PLACED IN ..\output\APP_HAL_API.obj
COMPILER INVOKED BY: D:\c51_keil\C51\BIN\C51.EXE SourceFile\App_api\APP_HAL_API.c LARGE OPTIMIZE(8,SPEED) BROWSE INCDIR(
                    -.\HeadFile\Arch;.\HeadFile\OS_api;.\HeadFile\KQA_OS;.\HeadFile\App_api;.\HeadFile\App\Command_Conter;.\HeadFile\App\Comm
                    -and_DataStructure;.\HeadFile\App\Command_Device;.\HeadFile\App\Command_Repeater;.\HeadFile\App\Command_WhiteList;.\HeadF
                    -ile\App\Command_Kernel;.\HeadFile\MiddlewareBoardcast;.\HeadFile\MiddlewareMenu;.\HeadFile\MiddlewareTask;.\HeadFile\Mid
                    -dlewareWireless;.\HeadFile\MiddlewareSocket;.\HeadFile\MiddlewareWesocket) DEBUG OBJECTEXTEND PRINT(..\listing\APP_HAL_A
                    -PI.lst) OBJECT(..\output\APP_HAL_API.obj)

line level    source

   1          #include "APP_HAL_API.h"
   2          
   3          
   4          // 定义模块对象，注册初始化函数
   5          //
   6          STATIC_DRIVER_INIT(Hardware, hardware);                                                                                 // 硬件模块定义
   7          
   8          
   9          STATIC_DRIVER_INIT(Led, led);                                                                                                   // 灯模块定义
  10          
  11          
  12          STATIC_DRIVER_INIT(Beep, beep);                                                                                                 // 蜂鸣器模块定义
  13          
  14          
  15          STATIC_DRIVER_INIT(Console, console);                                                                                   // 伪终端模块定义
  16          
  17          
  18          STATIC_DRIVER_INIT(Parameter, parameter);                                                                               // 参数模块定义
  19          
  20          
  21          STATIC_DRIVER_INIT(Wireless, wireless);                                                                                 // 无线模块定义
  22          
  23          
  24          #ifdef  USING_MODULE_WIFI
              STATIC_DRIVER_INIT(Wifi, wifi);                                                                                                 // WIFI模块定义
              #endif
  27          
  28          
  29          #ifdef  USING_MODULE_NETWORK
  30          STATIC_DRIVER_INIT(Network, network);                                                                                   // 网络模块定义
  31          #endif
  32          
  33          
  34          STATIC_DRIVER_INIT(Scheduler, scheduler);                                                                               // 调度器模块定义
  35          
  36          
  37          // 初始化模块并且注册该模块所有其他成员函数
  38          //
  39          void App_Hal_Init(void)
  40          {
  41   1              // ============================  硬件模块  ===============================
  42   1              //
  43   1              App_Hal_Api.hardware->init(App_Hal_Api.hardware);                                               
  44   1              
  45   1              
  46   1              // ============================  灯模块  =================================
  47   1              //
  48   1              App_Hal_Api.led->init(App_Hal_Api.led);                                                                 
  49   1              
  50   1              
C51 COMPILER V9.54   APP_HAL_API                                                           01/18/2017 12:57:27 PAGE 2   

  51   1              // ===========================  蜂鸣器模块  ==============================
  52   1              //
  53   1              App_Hal_Api.beep->init(App_Hal_Api.beep);
  54   1              
  55   1              
  56   1              // ===========================  伪终端模块  ==============================
  57   1              //
  58   1              App_Hal_Api.console->init(App_Hal_Api.console);
  59   1              
  60   1              
  61   1              // ===========================  参数模块  ==============================
  62   1              //
  63   1              App_Hal_Api.parameter->init(App_Hal_Api.parameter);
  64   1              
  65   1              
  66   1              // ============================  无线模块  ===============================
  67   1              //
  68   1              App_Hal_Api.wireless->init(App_Hal_Api.wireless);
  69   1              
  70   1              
  71   1              // ============================  WIFI模块  ================================
  72   1              //
  73   1      #ifdef  USING_MODULE_WIFI
              
                      App_Hal_Api.wifi->init(App_Hal_Api.wifi);
              
              #endif
  78   1              
  79   1              
  80   1              // ============================  网络模块  ================================
  81   1              //
  82   1      #ifdef  USING_MODULE_NETWORK
  83   1      
  84   1              App_Hal_Api.network->init(App_Hal_Api.network);
  85   1              
  86   1      #endif
  87   1      
  88   1              
  89   1              // ===========================  调度器模块  ===============================
  90   1              //
  91   1              App_Hal_Api.scheduler->init(App_Hal_Api.scheduler);
  92   1      }
  93          
  94          
  95          // IPA15对象（初始化）
  96          //
  97          APP_HAL_API             App_Hal_Api = {         App_Hal_Init, 
  98                  
  99                                                                                  &hardware, 
 100                  
 101                                                                                  &led, 
 102                  
 103                                                                                  &beep, 
 104                  
 105                                                                                  &console, 
 106                          
 107                                                                                  &parameter, 
 108                  
 109                                                                                  &wireless, 
 110          
 111          #ifdef  USING_MODULE_WIFI
                                                                                      &wifi, 
C51 COMPILER V9.54   APP_HAL_API                                                           01/18/2017 12:57:27 PAGE 3   

              #endif
 114                  
 115          #ifdef  USING_MODULE_NETWORK
 116                                                                                  &network, 
 117          #endif
 118                  
 119                                                                                  &scheduler
 120          };
 121          
 122          
 123          
 124          
 125          
 126          


MODULE INFORMATION:   STATIC OVERLAYABLE
   CODE SIZE        =    312    ----
   CONSTANT SIZE    =   ----    ----
   XDATA SIZE       =    215    ----
   PDATA SIZE       =   ----    ----
   DATA SIZE        =   ----    ----
   IDATA SIZE       =   ----    ----
   BIT SIZE         =   ----    ----
END OF MODULE INFORMATION.


C51 COMPILATION COMPLETE.  0 WARNING(S),  0 ERROR(S)
