C51 COMPILER V9.54   BEEP                                                                  01/18/2017 12:11:29 PAGE 1   


C51 COMPILER V9.54, COMPILATION OF MODULE BEEP
OBJECT MODULE PLACED IN ..\output\Beep.obj
COMPILER INVOKED BY: D:\c51_keil\C51\BIN\C51.EXE SourceFile\KQA_OS\Beep.c LARGE OPTIMIZE(8,SPEED) BROWSE INCDIR(.\HeadFi
                    -le\Arch;.\HeadFile\OS_api;.\HeadFile\KQA_OS;.\HeadFile\App_api;.\HeadFile\App\Command_Conter;.\HeadFile\App\Command_Data
                    -Structure;.\HeadFile\App\Command_Device;.\HeadFile\App\Command_Repeater;.\HeadFile\App\Command_WhiteList;.\HeadFile\App\
                    -Command_Kernel;.\HeadFile\MiddlewareBoardcast;.\HeadFile\MiddlewareMenu;.\HeadFile\MiddlewareTask;.\HeadFile\MiddlewareW
                    -ireless;.\HeadFile\MiddlewareSocket;.\HeadFile\MiddlewareWesocket) DEBUG OBJECTEXTEND PRINT(..\listing\Beep.lst) OBJECT(
                    -..\output\Beep.obj)

line level    source

   1          #include "Beep.h"
   2          
   3          
   4          static Beep *Beep_self;
   5          
   6          
   7          uint32_t Beep_BaseTime = 0;                             // 蜂鸣器的开始时间
   8          
   9          
  10          uint32_t Beep_Time = 0;                                 // 蜂鸣器响多久，单位由定时器0决定
  11          
  12          
  13          void Beep_SetTime(uint32_t t)
  14          {
  15   1              Beep_Time = t;
  16   1              
  17   1              Beep_BaseTime = HAL_SYSTEMTIME();
  18   1              
  19   1              Beep_self->action(BEEP_ON);
  20   1      }
  21          
  22          
  23          void Beep_Run(void)
  24          {
  25   1              static uint32_t nowTime;
  26   1              
  27   1              nowTime = HAL_SYSTEMTIME();
  28   1              
  29   1              if (Beep_Time &&
  30   1                      HAL_DIFFERENT4_TIME(nowTime, Beep_BaseTime) > Beep_Time)
  31   1              {
  32   2                      Beep_Time = 0;
  33   2                      
  34   2                      Beep_self->action(BEEP_OFF);
  35   2              }
  36   1      }
  37          
  38          
  39          void Beep_Init(void *self)
  40          {
  41   1              Beep_self = self;
  42   1              
  43   1              Beep_self->init = Beep_Init;
  44   1              
  45   1              Beep_self->run = Beep_Run;
  46   1              
  47   1              Beep_self->setTime = Beep_SetTime;
  48   1              
  49   1              Beep_self->action = HAL_BEEP_ACTION; 
  50   1      }
C51 COMPILER V9.54   BEEP                                                                  01/18/2017 12:11:29 PAGE 2   

  51          
  52          
  53          
  54          
  55          
  56          
  57          
  58          
  59          
  60          
  61          
  62          


MODULE INFORMATION:   STATIC OVERLAYABLE
   CODE SIZE        =    379    ----
   CONSTANT SIZE    =   ----    ----
   XDATA SIZE       =     15    ----
   PDATA SIZE       =   ----    ----
   DATA SIZE        =   ----    ----
   IDATA SIZE       =   ----    ----
   BIT SIZE         =   ----    ----
END OF MODULE INFORMATION.


C51 COMPILATION COMPLETE.  0 WARNING(S),  0 ERROR(S)
