C51 COMPILER V9.54   COMMAND_WIRELESS                                                      01/18/2017 12:57:31 PAGE 1   


C51 COMPILER V9.54, COMPILATION OF MODULE COMMAND_WIRELESS
OBJECT MODULE PLACED IN ..\output\Command_Wireless.obj
COMPILER INVOKED BY: D:\c51_keil\C51\BIN\C51.EXE SourceFile\App\Command_Kernel\Command_Wireless.c LARGE OPTIMIZE(8,SPEED
                    -) BROWSE INCDIR(.\HeadFile\Arch;.\HeadFile\OS_api;.\HeadFile\KQA_OS;.\HeadFile\App_api;.\HeadFile\App\Command_Conter;.\H
                    -eadFile\App\Command_DataStructure;.\HeadFile\App\Command_Device;.\HeadFile\App\Command_Repeater;.\HeadFile\App\Command_W
                    -hiteList;.\HeadFile\App\Command_Kernel;.\HeadFile\MiddlewareBoardcast;.\HeadFile\MiddlewareMenu;.\HeadFile\MiddlewareTas
                    -k;.\HeadFile\MiddlewareWireless;.\HeadFile\MiddlewareSocket;.\HeadFile\MiddlewareWesocket) DEBUG OBJECTEXTEND PRINT(..\l
                    -isting\Command_Wireless.lst) OBJECT(..\output\Command_Wireless.obj)

line level    source

   1          #include "Command_Wireless.h"
   2          
   3          
   4          
   5          void Wireless_DealControlData(uint8_t *command)
   6          {
   7   1          switch (command[Enum_Wirelss_CommandNo])
   8   1          {
   9   2              case 0x04:   // 读取一条脱机数据
  10   2                  ReadOneOfflineData_SendDataToPC(command);
  11   2                  break;
  12   2              
  13   2              case 0x06:   // 删除一条脱机数据
  14   2                  DeleteOneOfflineData_SendDataToPC(command);
  15   2                  break;  
  16   2              
  17   2              case 0x08:   // 删除某个区间的脱机数据
  18   2                  DeleteSomeAreaData_SendDataToPC(command);
  19   2                  break;
  20   2              
  21   2              case 0x0A:   // 数据结构恢复到出厂状态
  22   2                  RestoreDataStructure_SendDataToPC(command);
  23   2                  break;
  24   2              
  25   2              case 0x0C:   // 序列号巡查与配置
  26   2                  SerialNoWatchAndConfigure_SendDataToPC(command);
  27   2                  break;
  28   2              
  29   2              case 0x0E:   // 修改设备序列号
  30   2                  ChangeDeviceSerialNo_SendDataToPC(command);
  31   2                  break;
  32   2              
  33   2              case 0x10:   // 初始化白名单
  34   2                  WhiteListInit_SendDataToPC(command);
  35   2                  break;
  36   2              
  37   2              case 0x12:   // 名单上传应答
  38   2                  WhiteListUpload_SendDataToPC(command);
  39   2                  break;
  40   2              
  41   2              case 0x14:   // 现场控制指令
  42   2                  RealtimeControl_SendDataToPC(command);
  43   2                  break;
  44   2              
  45   2              case 0x16:   // 读取指定名单区的指针
  46   2                  ReadWhiteListPointer_SendDataToPC(command);
  47   2                  break;
  48   2                      
  49   2                      case 0x18:       // 读取白名单
  50   2                              ReadWhiteList_SendDataToPC(command);
C51 COMPILER V9.54   COMMAND_WIRELESS                                                      01/18/2017 12:57:31 PAGE 2   

  51   2                              break;
  52   2              
  53   2              case 0x1A:   // 读写配置参数
  54   2                  ReadWriteConfigureParameter_SendDataToPC(command);
  55   2                  break;
  56   2              
  57   2              case 0x1C:   // 读取所有交易流水
  58   2                  ReadAllTradeRecord_SendDataToPC(command);
  59   2                  break;
  60   2                      
  61   2                      case 0x1E:       // 远程升级的程序
  62   2                              ProgramUpdate_SendDataToPC(command);
  63   2                              break;
  64   2              
  65   2              case 0x32:   // 恢复出厂状态应答
  66   2                  RestoreDefaultConfigure_SendDataToPC(command);
  67   2                  break;
  68   2              
  69   2              case 0x68:   // 中继器通讯测试应答
  70   2                  RepeaterTest_SendDataToPC(command);
  71   2                  break;
  72   2              
  73   2              case 0x6C:   // 中继器配置应答
  74   2                  RepeaterParameter_SendDataToPC(command);
  75   2                  break;
  76   2              
  77   2              case 0x6E:   // 设备通讯测试应答
  78   2                  DeviceTest_SendDataToPC(command);
  79   2                  break;
  80   2              
  81   2              case 0xE0:   // 轮询应答（实时数据）
  82   2              case 0xE2:   // 轮询应答（脱机数据）
  83   2              case 0x02:   // 兼容一卡通标准版设备
  84   2                  OneCardDataUpload_SendDataToPC(command);
  85   2      //                      printf("222\r\n");
  86   2                  break;
  87   2              
  88   2              case 0xF2:   // 设备数据删除应答
  89   2                  OneCardDataUploadDelete_SendDataToPC(command);
  90   2                  break;
  91   2              
  92   2              case 0xF4:   // 一卡通设备操作指令应答
  93   2                  OneCardOperation_SendDataToPC(command);
  94   2                  break;
  95   2              
  96   2              default:     // 非法应答
  97   2                  return;
  98   2          }
  99   1              App_Hal_Api.led->setTime(YELLOW_LED, 2);                                                                                        // 亮黄灯
 100   1      }
 101          
 102          
 103          
 104          
 105          
 106          
 107          
 108          
 109          
 110          
 111          
 112          
C51 COMPILER V9.54   COMMAND_WIRELESS                                                      01/18/2017 12:57:31 PAGE 3   

 113          
 114          
 115          
 116          
 117          
 118          
 119          


MODULE INFORMATION:   STATIC OVERLAYABLE
   CODE SIZE        =    470    ----
   CONSTANT SIZE    =   ----    ----
   XDATA SIZE       =   ----       3
   PDATA SIZE       =   ----    ----
   DATA SIZE        =   ----    ----
   IDATA SIZE       =   ----    ----
   BIT SIZE         =   ----    ----
END OF MODULE INFORMATION.


C51 COMPILATION COMPLETE.  0 WARNING(S),  0 ERROR(S)
