C51 COMPILER V9.54   COMMAND_ONECARDOPERATION                                              01/18/2017 12:57:29 PAGE 1   


C51 COMPILER V9.54, COMPILATION OF MODULE COMMAND_ONECARDOPERATION
OBJECT MODULE PLACED IN ..\output\Command_OneCardOperation.obj
COMPILER INVOKED BY: D:\c51_keil\C51\BIN\C51.EXE SourceFile\App\Command_Device\Command_OneCardOperation.c LARGE OPTIMIZE
                    -(8,SPEED) BROWSE INCDIR(.\HeadFile\Arch;.\HeadFile\OS_api;.\HeadFile\KQA_OS;.\HeadFile\App_api;.\HeadFile\App\Command_Co
                    -nter;.\HeadFile\App\Command_DataStructure;.\HeadFile\App\Command_Device;.\HeadFile\App\Command_Repeater;.\HeadFile\App\C
                    -ommand_WhiteList;.\HeadFile\App\Command_Kernel;.\HeadFile\MiddlewareBoardcast;.\HeadFile\MiddlewareMenu;.\HeadFile\Middl
                    -ewareTask;.\HeadFile\MiddlewareWireless;.\HeadFile\MiddlewareSocket;.\HeadFile\MiddlewareWesocket) DEBUG OBJECTEXTEND PR
                    -INT(..\listing\Command_OneCardOperation.lst) OBJECT(..\output\Command_OneCardOperation.obj)

line level    source

   1          #include "Command_OneCardOperation.h"
   2          
   3          
   4          void OneCardOperation_DealData(uint8_t *Data)
   5          {
   6   1          uint8_t tmpCommandNo        = Data[0];
   7   1          
   8   1          uint8_t tmpCommandSerialNo  = Data[1];
   9   1          
  10   1          uint8_t tmpDeviceNoL        = Data[3];
  11   1          
  12   1          uint8_t tmpDeviceNoH        = Data[4];
  13   1          
  14   1          uint8_t tmpRepeater1        = Data[6];
  15   1          
  16   1          uint8_t tmpRepeater2        = Data[7];
  17   1          
  18   1          uint8_t tmpRepeater3        = Data[8];
  19   1          
  20   1          uint16_t  tmpParityValue;
  21   1          
  22   1          // 设备编号
  23   1          //
  24   1          NRF905_SendBuffer[0] = tmpDeviceNoL;
  25   1          NRF905_SendBuffer[1] = tmpDeviceNoH;
  26   1          
  27   1          
  28   1          // 命令编号
  29   1          //
  30   1          NRF905_SendBuffer[2] = tmpCommandNo;
  31   1          
  32   1          // 命令流水号
  33   1          //
  34   1          NRF905_SendBuffer[3] = tmpCommandSerialNo;
  35   1          
  36   1          
  37   1          // 目的中继, 中继1，中继2， 中继3
  38   1          //
  39   1          NRF905_SendBuffer[4] = tmpRepeater1;
  40   1          NRF905_SendBuffer[5] = tmpRepeater1;
  41   1          NRF905_SendBuffer[6] = tmpRepeater2;
  42   1          NRF905_SendBuffer[7] = tmpRepeater3;
  43   1          
  44   1          // 主要数据
  45   1          //
  46   1          memcpy(NRF905_SendBuffer + 8, Data + 9, 22);
  47   1          
  48   1          // 和校验
  49   1          //
  50   1          tmpParityValue = Temporary_CalcSumParity(NRF905_SendBuffer, 30);
C51 COMPILER V9.54   COMMAND_ONECARDOPERATION                                              01/18/2017 12:57:29 PAGE 2   

  51   1          NRF905_SendBuffer[30] = tmpParityValue;
  52   1          NRF905_SendBuffer[31] = tmpParityValue >> 8;
  53   1          
  54   1          // 发送数据到无线设备
  55   1          //
  56   1              App_Hal_Api.wireless->write(NRF905_SendBuffer);
  57   1              
  58   1              // 根据中继来设置无线发送等待超时时间
  59   1              //
  60   1              Pca_Start(NRF905_SendBuffer, 0);
  61   1      }
  62          
  63          
  64          
  65          void OneCardOperation_SendDataToPC(uint8_t *Data)
  66          {
  67   1          uint8_t tmpDeviceNoL        = Data[0];
  68   1          
  69   1          uint8_t tmpDeviceNoH        = Data[1];
  70   1      
  71   1          uint8_t tmpCommandNo        = Data[2];
  72   1          
  73   1          uint8_t tmpCommandSerialNo  = Data[3];
  74   1          
  75   1          uint8_t tmpRepeater1        = Data[5];
  76   1          
  77   1          uint8_t tmpRepeater2        = Data[6];
  78   1          
  79   1          uint8_t tmpRepeater3        = Data[7];
  80   1          
  81   1          uint8_t tmpOperationResult  = Data[8];
  82   1          
  83   1          // 设备编号
  84   1          //
  85   1          SocketData_SendBuffer[0] = tmpDeviceNoL;
  86   1          SocketData_SendBuffer[1] = tmpDeviceNoH;
  87   1          
  88   1          
  89   1          // 设备类型
  90   1          //
  91   1          SocketData_SendBuffer[2] = 0x01;                   // 默认是消费机
  92   1          
  93   1          
  94   1          // 目的中继, 中继1，中继2， 中继3
  95   1          //
  96   1          SocketData_SendBuffer[3] = tmpRepeater1;
  97   1          SocketData_SendBuffer[4] = tmpRepeater2;
  98   1          SocketData_SendBuffer[5] = tmpRepeater3;
  99   1          
 100   1          
 101   1          // 修改结果（1）+ 卡号（4） + 交易流水号（4）
 102   1          //
 103   1          memcpy(SocketData_SendBuffer + 6, Data + 8, 9);
 104   1              
 105   1          // 发送中继器测试包给PC
 106   1          //
 107   1          PC_SendCommand(0xF4, tmpCommandSerialNo, SocketData_SendBuffer,  15);
 108   1      }
 109          
 110          
 111          
 112          
C51 COMPILER V9.54   COMMAND_ONECARDOPERATION                                              01/18/2017 12:57:29 PAGE 3   

 113          
 114          


MODULE INFORMATION:   STATIC OVERLAYABLE
   CODE SIZE        =    340    ----
   CONSTANT SIZE    =   ----    ----
   XDATA SIZE       =   ----       9
   PDATA SIZE       =   ----    ----
   DATA SIZE        =   ----    ----
   IDATA SIZE       =   ----    ----
   BIT SIZE         =   ----    ----
END OF MODULE INFORMATION.


C51 COMPILATION COMPLETE.  0 WARNING(S),  0 ERROR(S)
