C51 COMPILER V9.54   COMMAND_CONTROLERWORKMODE                                             01/18/2017 12:57:28 PAGE 1   


C51 COMPILER V9.54, COMPILATION OF MODULE COMMAND_CONTROLERWORKMODE
OBJECT MODULE PLACED IN ..\output\Command_ControlerWorkMode.obj
COMPILER INVOKED BY: D:\c51_keil\C51\BIN\C51.EXE SourceFile\App\Command_Conter\Command_ControlerWorkMode.c LARGE OPTIMIZ
                    -E(8,SPEED) BROWSE INCDIR(.\HeadFile\Arch;.\HeadFile\OS_api;.\HeadFile\KQA_OS;.\HeadFile\App_api;.\HeadFile\App\Command_C
                    -onter;.\HeadFile\App\Command_DataStructure;.\HeadFile\App\Command_Device;.\HeadFile\App\Command_Repeater;.\HeadFile\App\
                    -Command_WhiteList;.\HeadFile\App\Command_Kernel;.\HeadFile\MiddlewareBoardcast;.\HeadFile\MiddlewareMenu;.\HeadFile\Midd
                    -lewareTask;.\HeadFile\MiddlewareWireless;.\HeadFile\MiddlewareSocket;.\HeadFile\MiddlewareWesocket) DEBUG OBJECTEXTEND P
                    -RINT(..\listing\Command_ControlerWorkMode.lst) OBJECT(..\output\Command_ControlerWorkMode.obj)

line level    source

   1          #include "Command_ControlerWorkMode.h"
   2          
   3          
   4          void ControlerWorkMode_DealData(uint8_t *Data)
   5          {
   6   1          bool tmpError = 0;
   7   1          
   8   1          uint8_t tmpSerialNo         = Data[1];
   9   1          
  10   1          uint8_t tmpOperationMode    = Data[3];
  11   1          
  12   1          // 设置工作模式为开始轮询
  13   1          //
  14   1          if (0x31 == tmpOperationMode)
  15   1          {
  16   2              SetStartScan(1);
  17   2          }
  18   1              // 设置工作模式为停止轮询
  19   1              //
  20   1          else if (0x32 == tmpOperationMode)
  21   1          {
  22   2              SetStartScan(0);
  23   2          }
  24   1              // 错误的指令，不错任何操作
  25   1              //
  26   1          else
  27   1          {
  28   2              tmpError = 1;
  29   2          }
  30   1          
  31   1          // 设置年月日周时分秒
  32   1          //
  33   1          SysTime.year    = DCB(Data[Enum_CommandContent + 1]);
  34   1          
  35   1          SysTime.month   = DCB(Data[Enum_CommandContent + 2]);
  36   1          
  37   1          SysTime.day     = DCB(Data[Enum_CommandContent + 3]);
  38   1          
  39   1          SysTime.week    = DCB(Data[Enum_CommandContent + 4]);
  40   1          
  41   1          SysTime.hour    = DCB(Data[Enum_CommandContent + 5]);
  42   1          
  43   1          SysTime.minute  = DCB(Data[Enum_CommandContent + 6]);
  44   1          
  45   1          SysTime.second  = DCB(Data[Enum_CommandContent + 7]);
  46   1          
  47   1          
  48   1          // 设置应答包数据
  49   1          //
  50   1          SocketData_SendBuffer[0] = Data[Enum_CommandContent + 0];
C51 COMPILER V9.54   COMMAND_CONTROLERWORKMODE                                             01/18/2017 12:57:28 PAGE 2   

  51   1          SocketData_SendBuffer[1] = tmpError? 0x32:0x31;
  52   1          
  53   1          
  54   1          // 发送控制器工作模式控制应答包（0x74）给PC
  55   1          //
  56   1          PC_SendCommand(0x74, tmpSerialNo, SocketData_SendBuffer, 2);
  57   1              
  58   1              // 工作模式的钩子函数
  59   1              //
  60   1              HookFunction_ControlerWorkMode();
  61   1      }
  62          
  63          
  64          
  65          
  66          


MODULE INFORMATION:   STATIC OVERLAYABLE
   CODE SIZE        =    260    ----
   CONSTANT SIZE    =   ----    ----
   XDATA SIZE       =   ----    ----
   PDATA SIZE       =   ----    ----
   DATA SIZE        =   ----    ----
   IDATA SIZE       =   ----    ----
   BIT SIZE         =   ----       1
END OF MODULE INFORMATION.


C51 COMPILATION COMPLETE.  0 WARNING(S),  0 ERROR(S)
