C51 COMPILER V9.54   COMMAND_READALLTRADERECORD                                            01/18/2017 12:57:30 PAGE 1   


C51 COMPILER V9.54, COMPILATION OF MODULE COMMAND_READALLTRADERECORD
OBJECT MODULE PLACED IN ..\output\Command_ReadAllTradeRecord.obj
COMPILER INVOKED BY: D:\c51_keil\C51\BIN\C51.EXE SourceFile\App\Command_Device\Command_ReadAllTradeRecord.c LARGE OPTIMI
                    -ZE(8,SPEED) BROWSE INCDIR(.\HeadFile\Arch;.\HeadFile\OS_api;.\HeadFile\KQA_OS;.\HeadFile\App_api;.\HeadFile\App\Command_
                    -Conter;.\HeadFile\App\Command_DataStructure;.\HeadFile\App\Command_Device;.\HeadFile\App\Command_Repeater;.\HeadFile\App
                    -\Command_WhiteList;.\HeadFile\App\Command_Kernel;.\HeadFile\MiddlewareBoardcast;.\HeadFile\MiddlewareMenu;.\HeadFile\Mid
                    -dlewareTask;.\HeadFile\MiddlewareWireless;.\HeadFile\MiddlewareSocket;.\HeadFile\MiddlewareWesocket) DEBUG OBJECTEXTEND 
                    -PRINT(..\listing\Command_ReadAllTradeRecord.lst) OBJECT(..\output\Command_ReadAllTradeRecord.obj)

line level    source

   1          #include "Command_ReadAllTradeRecord.h"
   2          
   3          
   4          uint8_t ReadAllTradeRecord_DeviceType = 0xFF;
   5          
   6          
   7          void ReadAllTradeRecord_DealData(uint8_t *Data)
   8          {
   9   1          uint8_t tmpCommandNo        = Data[0];
  10   1          
  11   1          uint8_t tmpCommandSerialNo  = Data[1];
  12   1          
  13   1          uint8_t tmpDeviceNoL        = Data[3];
  14   1          
  15   1          uint8_t tmpDeviceNoH        = Data[4];
  16   1          
  17   1          uint8_t tmpDeviceType       = Data[5];
  18   1          
  19   1          uint8_t tmpRepeater1        = Data[6];
  20   1          
  21   1          uint8_t tmpRepeater2        = Data[7];
  22   1          
  23   1          uint8_t tmpRepeater3        = Data[8];
  24   1          
  25   1          uint16_t tmpParityValue       = 0;
  26   1          
  27   1          // 保存设备类型，在应答包中使用
  28   1          //
  29   1          ReadAllTradeRecord_DeviceType = tmpDeviceType;
  30   1          
  31   1          
  32   1          // 设备编号
  33   1          //
  34   1          NRF905_SendBuffer[0] = tmpDeviceNoL;
  35   1          
  36   1          NRF905_SendBuffer[1] = tmpDeviceNoH;
  37   1          
  38   1          // 命令编号
  39   1          //
  40   1          NRF905_SendBuffer[2] = tmpCommandNo;
  41   1          
  42   1          // 命令流水号
  43   1          //
  44   1          NRF905_SendBuffer[3] = tmpCommandSerialNo;
  45   1          
  46   1          // 目的中继
  47   1          //
  48   1          NRF905_SendBuffer[4] = tmpRepeater1;
  49   1          
  50   1          // 中继1
C51 COMPILER V9.54   COMMAND_READALLTRADERECORD                                            01/18/2017 12:57:30 PAGE 2   

  51   1          //
  52   1          NRF905_SendBuffer[5] = tmpRepeater1;
  53   1          
  54   1          // 中继2
  55   1          //
  56   1          NRF905_SendBuffer[6] = tmpRepeater2;
  57   1          
  58   1          // 中继3
  59   1          //
  60   1          NRF905_SendBuffer[7] = tmpRepeater3;
  61   1          
  62   1          // 数据
  63   1          //
  64   1          NRF905_SendBuffer[8] = 0xD1;
  65   1          
  66   1          NRF905_SendBuffer[9] = tmpDeviceNoL;
  67   1          
  68   1          NRF905_SendBuffer[10] = tmpDeviceNoH;
  69   1          
  70   1          NRF905_SendBuffer[11] = tmpDeviceType;
  71   1          
  72   1          NRF905_SendBuffer[12] = App_Hal_Api.wireless->channelNo;
  73   1          
  74   1          memcpy(NRF905_SendBuffer + 13, Data + 9, 8);
  75   1          
  76   1          // 内部和校验
  77   1          //
  78   1          tmpParityValue = Temporary_CalcSumParity(NRF905_SendBuffer + 8, 13);
  79   1          NRF905_SendBuffer[21] = tmpParityValue;
  80   1          NRF905_SendBuffer[22] = tmpParityValue >> 8;
  81   1          
  82   1          // 外部和校验
  83   1          //
  84   1          tmpParityValue = Temporary_CalcSumParity(NRF905_SendBuffer, 30);
  85   1          NRF905_SendBuffer[Enum_Wirelss_ParityL] = tmpParityValue;
  86   1          NRF905_SendBuffer[Enum_Wirelss_ParityH] = tmpParityValue >> 8;
  87   1          
  88   1          // 发送数据到无线设备
  89   1          //
  90   1              App_Hal_Api.wireless->write(NRF905_SendBuffer);
  91   1              
  92   1              // 根据中继来设置无线发送等待超时时间
  93   1              //
  94   1              Pca_Start(NRF905_SendBuffer, 0);
  95   1      }
  96          
  97          
  98          
  99          void ReadAllTradeRecord_SendDataToPC(uint8_t *Data)
 100          {
 101   1          uint8_t tmpDeviceNoL        = Data[0];
 102   1          
 103   1          uint8_t tmpDeviceNoH        = Data[1];
 104   1          
 105   1          uint8_t tmpCommandSerialNo  = Data[3];
 106   1          
 107   1          
 108   1          // 设备编号
 109   1          //
 110   1          SocketData_SendBuffer[0] = tmpDeviceNoL;
 111   1          
 112   1          SocketData_SendBuffer[1] = tmpDeviceNoH;
C51 COMPILER V9.54   COMMAND_READALLTRADERECORD                                            01/18/2017 12:57:30 PAGE 3   

 113   1          
 114   1          // 设备类型
 115   1          //
 116   1          SocketData_SendBuffer[2] = ReadAllTradeRecord_DeviceType;
 117   1          
 118   1          memcpy(SocketData_SendBuffer + 3, Data + 12, 16);
 119   1          
 120   1          // 发送中继器测试包给PC
 121   1          //
 122   1          PC_SendCommand(0x1C, tmpCommandSerialNo, SocketData_SendBuffer,  19);  
 123   1      }
 124          
 125          
 126          
 127          
 128          
 129          
 130          
 131          
 132          
 133          
 134          
 135          
 136          
 137          
 138          
 139          
 140          
 141          
 142          
 143          
 144          


MODULE INFORMATION:   STATIC OVERLAYABLE
   CODE SIZE        =    399    ----
   CONSTANT SIZE    =   ----    ----
   XDATA SIZE       =      1      10
   PDATA SIZE       =   ----    ----
   DATA SIZE        =   ----    ----
   IDATA SIZE       =   ----    ----
   BIT SIZE         =   ----    ----
END OF MODULE INFORMATION.


C51 COMPILATION COMPLETE.  0 WARNING(S),  0 ERROR(S)
