C51 COMPILER V9.54   COMMAND_SERIALNOWATCHANDCONFIGURE                                     01/18/2017 12:57:30 PAGE 1   


C51 COMPILER V9.54, COMPILATION OF MODULE COMMAND_SERIALNOWATCHANDCONFIGURE
OBJECT MODULE PLACED IN ..\output\Command_SerialNoWatchAndConfigure.obj
COMPILER INVOKED BY: D:\c51_keil\C51\BIN\C51.EXE SourceFile\App\Command_Device\Command_SerialNoWatchAndConfigure.c LARGE
                    - OPTIMIZE(8,SPEED) BROWSE INCDIR(.\HeadFile\Arch;.\HeadFile\OS_api;.\HeadFile\KQA_OS;.\HeadFile\App_api;.\HeadFile\App\C
                    -ommand_Conter;.\HeadFile\App\Command_DataStructure;.\HeadFile\App\Command_Device;.\HeadFile\App\Command_Repeater;.\HeadF
                    -ile\App\Command_WhiteList;.\HeadFile\App\Command_Kernel;.\HeadFile\MiddlewareBoardcast;.\HeadFile\MiddlewareMenu;.\HeadF
                    -ile\MiddlewareTask;.\HeadFile\MiddlewareWireless;.\HeadFile\MiddlewareSocket;.\HeadFile\MiddlewareWesocket) DEBUG OBJECT
                    -EXTEND PRINT(..\listing\Command_SerialNoWatchAndConfigure.lst) OBJECT(..\output\Command_SerialNoWatchAndConfigure.obj)

line level    source

   1          #include "Command_SerialNoWatchAndConfigure.h"
   2          
   3          
   4          uint8_t SerialNoWatchAndConfigure_DeviceType = 0xFF;
   5          
   6          
   7          void SerialNoWatchAndConfigure_DealData(uint8_t *Data)
   8          {
   9   1          uint8_t tmpCommandNo        = Data[0];
  10   1          
  11   1          uint8_t tmpCommandSerialNo  = Data[1];
  12   1          
  13   1          uint8_t tmpDeviceNoL        = Data[3];
  14   1          
  15   1          uint8_t tmpDeviceNoH        = Data[4];
  16   1          
  17   1          uint8_t tmpDeviceType       = Data[5];
  18   1          
  19   1          uint8_t tmpRepeater1        = Data[6];
  20   1          
  21   1          uint8_t tmpRepeater2        = Data[7];
  22   1          
  23   1          uint8_t tmpRepeater3        = Data[8];
  24   1          
  25   1          uint16_t tmpParityValue       = 0;
  26   1          
  27   1          // 保存设备类型，在应答包中使用
  28   1          //
  29   1          SerialNoWatchAndConfigure_DeviceType = tmpDeviceType;
  30   1          
  31   1          
  32   1          // 设备编号
  33   1          //
  34   1          NRF905_SendBuffer[0] = tmpDeviceNoL;
  35   1          
  36   1          NRF905_SendBuffer[1] = tmpDeviceNoH;
  37   1          
  38   1          // 命令编号
  39   1          //
  40   1          NRF905_SendBuffer[2] = tmpCommandNo;
  41   1          
  42   1          // 命令流水号
  43   1          //
  44   1          NRF905_SendBuffer[3] = tmpCommandSerialNo;
  45   1          
  46   1          // 目的中继
  47   1          //
  48   1          NRF905_SendBuffer[4] = tmpRepeater1;
  49   1          
  50   1          // 中继1
C51 COMPILER V9.54   COMMAND_SERIALNOWATCHANDCONFIGURE                                     01/18/2017 12:57:30 PAGE 2   

  51   1          //
  52   1          NRF905_SendBuffer[5] = tmpRepeater1;
  53   1          
  54   1          // 中继2
  55   1          //
  56   1          NRF905_SendBuffer[6] = tmpRepeater2;
  57   1          
  58   1          // 中继3
  59   1          //
  60   1          NRF905_SendBuffer[7] = tmpRepeater3;
  61   1          
  62   1          // 数据（22字节）
  63   1          //
  64   1          NRF905_SendBuffer[8] = 0xFA;
  65   1          
  66   1          memcpy(NRF905_SendBuffer + 9, Data + 9, 16);
  67   1          
  68   1          // 内部和校验
  69   1          //
  70   1          tmpParityValue = Temporary_CalcSumParity(NRF905_SendBuffer + 8, 17);
  71   1          NRF905_SendBuffer[25] = tmpParityValue;
  72   1          NRF905_SendBuffer[26] = tmpParityValue >> 8;
  73   1          
  74   1          // 填充字符0xA3
  75   1          //
  76   1          NRF905_SendBuffer[27] = 0xFA;
  77   1          NRF905_SendBuffer[28] = 0xFA;
  78   1          NRF905_SendBuffer[29] = 0xFA;
  79   1          
  80   1          // 外部和校验
  81   1          //
  82   1          tmpParityValue = Temporary_CalcSumParity(NRF905_SendBuffer, 30);
  83   1          NRF905_SendBuffer[30] = tmpParityValue;
  84   1          NRF905_SendBuffer[31] = tmpParityValue >> 8;
  85   1          
  86   1          // 发送数据到无线设备
  87   1          //
  88   1              App_Hal_Api.wireless->write(NRF905_SendBuffer);
  89   1              
  90   1              // 根据中继来设置无线发送等待超时时间
  91   1              //
  92   1              Pca_Start(NRF905_SendBuffer, 0);
  93   1      }
  94          
  95          
  96          void SerialNoWatchAndConfigure_SendDataToPC(uint8_t *Data)
  97          {
  98   1          uint8_t tmpDeviceNoL        = Data[0];
  99   1          
 100   1          uint8_t tmpDeviceNoH        = Data[1];
 101   1          
 102   1          uint8_t tmpCommandSerialNo  = Data[3];
 103   1          
 104   1          // 设备编号
 105   1          //
 106   1          SocketData_SendBuffer[0] = tmpDeviceNoL;
 107   1          
 108   1          SocketData_SendBuffer[1] = tmpDeviceNoH;
 109   1          
 110   1          // 设备类型
 111   1          //
 112   1          SocketData_SendBuffer[2] = SerialNoWatchAndConfigure_DeviceType;
C51 COMPILER V9.54   COMMAND_SERIALNOWATCHANDCONFIGURE                                     01/18/2017 12:57:30 PAGE 3   

 113   1          
 114   1          memcpy(SocketData_SendBuffer + 3, Data + 17, 8);
 115   1          
 116   1          // 发送中继器测试包给PC
 117   1          //
 118   1          PC_SendCommand(0x0C, tmpCommandSerialNo, SocketData_SendBuffer, 11);
 119   1      }
 120          
 121          
 122          
 123          
 124          


MODULE INFORMATION:   STATIC OVERLAYABLE
   CODE SIZE        =    350    ----
   CONSTANT SIZE    =   ----    ----
   XDATA SIZE       =      1       8
   PDATA SIZE       =   ----    ----
   DATA SIZE        =   ----    ----
   IDATA SIZE       =   ----    ----
   BIT SIZE         =   ----    ----
END OF MODULE INFORMATION.


C51 COMPILATION COMPLETE.  0 WARNING(S),  0 ERROR(S)
