C51 COMPILER V9.54   COMMAND_SEARCHIP                                                      01/18/2017 12:57:28 PAGE 1   


C51 COMPILER V9.54, COMPILATION OF MODULE COMMAND_SEARCHIP
OBJECT MODULE PLACED IN ..\output\Command_SearchIp.obj
COMPILER INVOKED BY: D:\c51_keil\C51\BIN\C51.EXE SourceFile\App\Command_Conter\Command_SearchIp.c LARGE OPTIMIZE(8,SPEED
                    -) BROWSE INCDIR(.\HeadFile\Arch;.\HeadFile\OS_api;.\HeadFile\KQA_OS;.\HeadFile\App_api;.\HeadFile\App\Command_Conter;.\H
                    -eadFile\App\Command_DataStructure;.\HeadFile\App\Command_Device;.\HeadFile\App\Command_Repeater;.\HeadFile\App\Command_W
                    -hiteList;.\HeadFile\App\Command_Kernel;.\HeadFile\MiddlewareBoardcast;.\HeadFile\MiddlewareMenu;.\HeadFile\MiddlewareTas
                    -k;.\HeadFile\MiddlewareWireless;.\HeadFile\MiddlewareSocket;.\HeadFile\MiddlewareWesocket) DEBUG OBJECTEXTEND PRINT(..\l
                    -isting\Command_SearchIp.lst) OBJECT(..\output\Command_SearchIp.obj)

line level    source

   1          #include "Command_SearchIp.h"
   2          
   3          
   4          void SearchIp_SendDataToPC(uint8_t *Data)
   5          {
   6   1          uint8_t tmpSerialNo = Data[1];
   7   1              
   8   1              memcpy(BoardcastData_SendBuffer + 0, ControlerInfo.Version, 3);
   9   1              
  10   1              memcpy(BoardcastData_SendBuffer + 3, ControlerInfo.Name, 10);
  11   1              
  12   1              memcpy(BoardcastData_SendBuffer + 13, NETPARA_MAC, 6);
  13   1              
  14   1              memcpy(BoardcastData_SendBuffer + 19, NETPARA_IP, 4);
  15   1              
  16   1              memcpy(BoardcastData_SendBuffer + 23, NETPARA_MASK, 4);
  17   1              
  18   1              memcpy(BoardcastData_SendBuffer + 27, NETPARA_GATEWAY, 4);
  19   1              
  20   1              memcpy(BoardcastData_SendBuffer + 31, &SOCKET0_LOCALPORT, 2);
  21   1              
  22   1              memcpy(BoardcastData_SendBuffer + 33, SOCKET0_REMOTEIP, 4);
  23   1              
  24   1              memcpy(BoardcastData_SendBuffer + 37, &(SOCKET0_REMOTEPORT), 2);
  25   1              
  26   1              memcpy(BoardcastData_SendBuffer + 39, ControlerInfo.Info, 10);
  27   1              
  28   1              //
  29   1          PC_SendCommand_Boardcast(0x62, tmpSerialNo, BoardcastData_SendBuffer, 49);
  30   1      }
  31          
  32          
  33          
  34          
  35          
  36          
  37          
  38          
  39          


MODULE INFORMATION:   STATIC OVERLAYABLE
   CODE SIZE        =    222    ----
   CONSTANT SIZE    =   ----    ----
   XDATA SIZE       =   ----       1
   PDATA SIZE       =   ----    ----
   DATA SIZE        =   ----    ----
   IDATA SIZE       =   ----    ----
   BIT SIZE         =   ----    ----
END OF MODULE INFORMATION.

C51 COMPILER V9.54   COMMAND_SEARCHIP                                                      01/18/2017 12:57:28 PAGE 2   


C51 COMPILATION COMPLETE.  0 WARNING(S),  0 ERROR(S)
