C51 COMPILER V9.54   COMMAND_REPEATERPARAMETER                                             01/18/2017 12:57:29 PAGE 1   


C51 COMPILER V9.54, COMPILATION OF MODULE COMMAND_REPEATERPARAMETER
OBJECT MODULE PLACED IN ..\output\Command_RepeaterParameter.obj
COMPILER INVOKED BY: D:\c51_keil\C51\BIN\C51.EXE SourceFile\App\Command_Repeater\Command_RepeaterParameter.c LARGE OPTIM
                    -IZE(8,SPEED) BROWSE INCDIR(.\HeadFile\Arch;.\HeadFile\OS_api;.\HeadFile\KQA_OS;.\HeadFile\App_api;.\HeadFile\App\Command
                    -_Conter;.\HeadFile\App\Command_DataStructure;.\HeadFile\App\Command_Device;.\HeadFile\App\Command_Repeater;.\HeadFile\Ap
                    -p\Command_WhiteList;.\HeadFile\App\Command_Kernel;.\HeadFile\MiddlewareBoardcast;.\HeadFile\MiddlewareMenu;.\HeadFile\Mi
                    -ddlewareTask;.\HeadFile\MiddlewareWireless;.\HeadFile\MiddlewareSocket;.\HeadFile\MiddlewareWesocket) DEBUG OBJECTEXTEND
                    - PRINT(..\listing\Command_RepeaterParameter.lst) OBJECT(..\output\Command_RepeaterParameter.obj)

line level    source

   1          #include "Command_RepeaterParameter.h"
   2          
   3          
   4          void RepeaterParameter_DealData(uint8_t *Data)
   5          {
   6   1          uint8_t tmpCommandNo            = Data[Enum_CommandNo];
   7   1          
   8   1          uint8_t tmpCommandSerialNo      = Data[Enum_CommandSerialNo];
   9   1          
  10   1      //    uint8_t tmpRepeaterNo           = Data[Enum_CommandContent + 0];      // 没有作用
  11   1          
  12   1          uint8_t tmpRepeater1            = Data[Enum_CommandContent + 1];
  13   1          
  14   1          uint8_t tmpRepeater2            = Data[Enum_CommandContent + 2];
  15   1          
  16   1          uint8_t tmpRepeater3            = Data[Enum_CommandContent + 3];
  17   1          
  18   1          uint8_t tmpIsChange1            = Data[Enum_CommandContent + 4];
  19   1          
  20   1          uint8_t tmpNewRepeaterNo        = Data[Enum_CommandContent + 5];
  21   1          
  22   1          uint8_t tmpIsChange2            = Data[Enum_CommandContent + 6];
  23   1          
  24   1          uint8_t tmpNewWirelessChannel   = Data[Enum_CommandContent + 7];
  25   1          
  26   1          uint16_t tmpParityValue           = 0;
  27   1          
  28   1          // 设备编号
  29   1          //
  30   1          NRF905_SendBuffer[0] = 0xEB;
  31   1          NRF905_SendBuffer[1] = 0xFD;
  32   1          
  33   1          // 命令编号
  34   1          //
  35   1          NRF905_SendBuffer[2] = tmpCommandNo;
  36   1          
  37   1          // 命令流水号
  38   1          //
  39   1          NRF905_SendBuffer[3] = tmpCommandSerialNo;
  40   1          
  41   1          // 目的中继
  42   1          //
  43   1          NRF905_SendBuffer[4] = tmpRepeater1;
  44   1          
  45   1          // 中继1
  46   1          //
  47   1          NRF905_SendBuffer[5] = tmpRepeater1;
  48   1          
  49   1          // 中继2
  50   1          //
C51 COMPILER V9.54   COMMAND_REPEATERPARAMETER                                             01/18/2017 12:57:29 PAGE 2   

  51   1          NRF905_SendBuffer[6] = tmpRepeater2;
  52   1          
  53   1          // 中继3
  54   1          //
  55   1          NRF905_SendBuffer[7] = tmpRepeater3;
  56   1          
  57   1          // 数据（22字节）
  58   1          //
  59   1          NRF905_SendBuffer[8] = 0xA7;
  60   1          NRF905_SendBuffer[9] = tmpIsChange1;
  61   1          NRF905_SendBuffer[10] = tmpNewRepeaterNo;
  62   1          NRF905_SendBuffer[11] = tmpIsChange2;
  63   1          NRF905_SendBuffer[12] = tmpNewWirelessChannel;
  64   1          
  65   1          // 内部和校验
  66   1          //
  67   1          tmpParityValue = Temporary_CalcSumParity(NRF905_SendBuffer + 8, 5);
  68   1          NRF905_SendBuffer[13] = tmpParityValue;
  69   1          NRF905_SendBuffer[14] = tmpParityValue >> 8;
  70   1          
  71   1          // 填充字符0xA7
  72   1          //
  73   1          memset(NRF905_SendBuffer + 15, 0xA7, 15);
  74   1          
  75   1          // 外部和校验
  76   1          //
  77   1          tmpParityValue = Temporary_CalcSumParity(NRF905_SendBuffer, 30);
  78   1          NRF905_SendBuffer[30] = tmpParityValue;
  79   1          NRF905_SendBuffer[31] = tmpParityValue >> 8;
  80   1          
  81   1          // 发送数据到无线设备
  82   1          //
  83   1              App_Hal_Api.wireless->write(NRF905_SendBuffer);
  84   1              
  85   1              // 根据中继来设置无线发送等待超时时间
  86   1              //
  87   1              Pca_Start(NRF905_SendBuffer, 0);
  88   1      }
  89          
  90          
  91          
  92          void RepeaterParameter_SendDataToPC(uint8_t *Data)
  93          {
  94   1          uint8_t tmpSerialNo         = Data[3];
  95   1          
  96   1          uint8_t tmpChangeResult1    = Data[9];
  97   1          
  98   1          uint8_t tmpNowRepeaterNo    = Data[10];
  99   1          
 100   1          uint8_t tmpChangeResult2    = Data[11];
 101   1          
 102   1          uint8_t tmpNowChannelNo     = Data[12];
 103   1          
 104   1          SocketData_SendBuffer[0] = tmpChangeResult1;
 105   1          
 106   1          SocketData_SendBuffer[1] = tmpNowRepeaterNo;
 107   1          
 108   1          SocketData_SendBuffer[2] = tmpChangeResult2;
 109   1          
 110   1          SocketData_SendBuffer[3] = tmpNowChannelNo;
 111   1          
 112   1          // 发送中继器配置包给PC
C51 COMPILER V9.54   COMMAND_REPEATERPARAMETER                                             01/18/2017 12:57:29 PAGE 3   

 113   1          //
 114   1          PC_SendCommand(0x6C, tmpSerialNo, SocketData_SendBuffer, 4);
 115   1      }
 116          
 117          
 118          
 119          


MODULE INFORMATION:   STATIC OVERLAYABLE
   CODE SIZE        =    359    ----
   CONSTANT SIZE    =   ----    ----
   XDATA SIZE       =   ----       9
   PDATA SIZE       =   ----    ----
   DATA SIZE        =   ----    ----
   IDATA SIZE       =   ----    ----
   BIT SIZE         =   ----    ----
END OF MODULE INFORMATION.


C51 COMPILATION COMPLETE.  0 WARNING(S),  0 ERROR(S)
