C51 COMPILER V9.54   COMMAND_READONEOFFLINEDATA                                            01/18/2017 12:57:29 PAGE 1   


C51 COMPILER V9.54, COMPILATION OF MODULE COMMAND_READONEOFFLINEDATA
OBJECT MODULE PLACED IN ..\output\Command_ReadOneOfflineData.obj
COMPILER INVOKED BY: D:\c51_keil\C51\BIN\C51.EXE SourceFile\App\Command_Device\Command_ReadOneOfflineData.c LARGE OPTIMI
                    -ZE(8,SPEED) BROWSE INCDIR(.\HeadFile\Arch;.\HeadFile\OS_api;.\HeadFile\KQA_OS;.\HeadFile\App_api;.\HeadFile\App\Command_
                    -Conter;.\HeadFile\App\Command_DataStructure;.\HeadFile\App\Command_Device;.\HeadFile\App\Command_Repeater;.\HeadFile\App
                    -\Command_WhiteList;.\HeadFile\App\Command_Kernel;.\HeadFile\MiddlewareBoardcast;.\HeadFile\MiddlewareMenu;.\HeadFile\Mid
                    -dlewareTask;.\HeadFile\MiddlewareWireless;.\HeadFile\MiddlewareSocket;.\HeadFile\MiddlewareWesocket) DEBUG OBJECTEXTEND 
                    -PRINT(..\listing\Command_ReadOneOfflineData.lst) OBJECT(..\output\Command_ReadOneOfflineData.obj)

line level    source

   1          #include "Command_ReadOneOfflineData.h"
   2          
   3          
   4          uint8_t ReadOneOfflineData_DeviceType = 0xFF;
   5          
   6          
   7          void ReadOneOfflineData_DealData(uint8_t *Data)
   8          {
   9   1          uint8_t tmpCommandNo        = Data[0];
  10   1          
  11   1          uint8_t tmpCommandSerialNo  = Data[1];
  12   1          
  13   1          uint8_t tmpDeviceNoL        = Data[3];
  14   1          
  15   1          uint8_t tmpDeviceNoH        = Data[4];
  16   1          
  17   1          uint8_t tmpDeviceType       = Data[5];
  18   1          
  19   1          uint8_t tmpRepeater1        = Data[6];
  20   1          
  21   1          uint8_t tmpRepeater2        = Data[7];
  22   1          
  23   1          uint8_t tmpRepeater3        = Data[8];
  24   1          
  25   1          uint16_t tmpParityValue       = 0;
  26   1          
  27   1          // 保存设备类型，在应答包中使用
  28   1          //
  29   1          ReadOneOfflineData_DeviceType = tmpDeviceType;
  30   1          
  31   1          // 设备编号
  32   1          //
  33   1          NRF905_SendBuffer[0] = tmpDeviceNoL;
  34   1          
  35   1          NRF905_SendBuffer[1] = tmpDeviceNoH;
  36   1          
  37   1          // 命令编号
  38   1          //
  39   1          NRF905_SendBuffer[2] = tmpCommandNo;
  40   1          
  41   1          // 命令流水号
  42   1          //
  43   1          NRF905_SendBuffer[3] = tmpCommandSerialNo;
  44   1          
  45   1          // 目的中继
  46   1          //
  47   1          NRF905_SendBuffer[4] = tmpRepeater1;
  48   1          
  49   1          // 中继1
  50   1          //
C51 COMPILER V9.54   COMMAND_READONEOFFLINEDATA                                            01/18/2017 12:57:29 PAGE 2   

  51   1          NRF905_SendBuffer[5] = tmpRepeater1;
  52   1          
  53   1          // 中继2
  54   1          //
  55   1          NRF905_SendBuffer[6] = tmpRepeater2;
  56   1          
  57   1          // 中继3
  58   1          //
  59   1          NRF905_SendBuffer[7] = tmpRepeater3;
  60   1          
  61   1          // 数据
  62   1          //
  63   1          NRF905_SendBuffer[8] = 0xF3;
  64   1          
  65   1          NRF905_SendBuffer[9] = tmpDeviceNoL;
  66   1          
  67   1          NRF905_SendBuffer[10] = tmpDeviceNoH;
  68   1          
  69   1          NRF905_SendBuffer[11] = tmpDeviceType;
  70   1          
  71   1          NRF905_SendBuffer[12] = App_Hal_Api.wireless->channelNo;
  72   1          
  73   1          memcpy(NRF905_SendBuffer + 13, Data + 9, 14);
  74   1          
  75   1          // 内部和校验
  76   1          //
  77   1          tmpParityValue = Temporary_CalcSumParity(NRF905_SendBuffer + 8, 19);
  78   1          NRF905_SendBuffer[27] = tmpParityValue;
  79   1          NRF905_SendBuffer[28] = tmpParityValue >> 8;
  80   1          NRF905_SendBuffer[29] = 0xF3;
  81   1          
  82   1          
  83   1          // 外部和校验
  84   1          //
  85   1          tmpParityValue = Temporary_CalcSumParity(NRF905_SendBuffer, 30);
  86   1          NRF905_SendBuffer[Enum_Wirelss_ParityL] = tmpParityValue;
  87   1          NRF905_SendBuffer[Enum_Wirelss_ParityH] = tmpParityValue >> 8;
  88   1          
  89   1          // 发送数据到无线设备
  90   1          //
  91   1              App_Hal_Api.wireless->write(NRF905_SendBuffer);
  92   1              
  93   1              // 根据中继来设置无线发送等待超时时间
  94   1              //
  95   1              Pca_Start(NRF905_SendBuffer, 0);
  96   1      }
  97          
  98          
  99          void ReadOneOfflineData_SendDataToPC(uint8_t *Data)
 100          {
 101   1          uint8_t tmpDeviceNoL    = Data[0];
 102   1          
 103   1          uint8_t tmpDeviceNoH    = Data[1];
 104   1          
 105   1          uint8_t tmpCommandSerialNo  = Data[3];
 106   1          
 107   1          
 108   1          // 设备编号
 109   1          //
 110   1          SocketData_SendBuffer[0] = tmpDeviceNoL;
 111   1          SocketData_SendBuffer[1] = tmpDeviceNoH;
 112   1          
C51 COMPILER V9.54   COMMAND_READONEOFFLINEDATA                                            01/18/2017 12:57:29 PAGE 3   

 113   1          // 设备类型
 114   1          //
 115   1          SocketData_SendBuffer[2] = ReadOneOfflineData_DeviceType;
 116   1          
 117   1          // 拷贝名单数据
 118   1          //
 119   1          memcpy(SocketData_SendBuffer + 3, Data + 8, 22);
 120   1          
 121   1          // 发送中继器测试包给PC
 122   1          //
 123   1          PC_SendCommand(0x04, tmpCommandSerialNo, SocketData_SendBuffer,  25);
 124   1      }
 125          
 126          
 127          
 128          
 129          
 130          
 131          
 132          
 133          
 134          
 135          
 136          
 137          


MODULE INFORMATION:   STATIC OVERLAYABLE
   CODE SIZE        =    403    ----
   CONSTANT SIZE    =   ----    ----
   XDATA SIZE       =      1      10
   PDATA SIZE       =   ----    ----
   DATA SIZE        =   ----    ----
   IDATA SIZE       =   ----    ----
   BIT SIZE         =   ----    ----
END OF MODULE INFORMATION.


C51 COMPILATION COMPLETE.  0 WARNING(S),  0 ERROR(S)
