C51 COMPILER V9.54   HARDWARE                                                              01/18/2017 12:11:29 PAGE 1   


C51 COMPILER V9.54, COMPILATION OF MODULE HARDWARE
OBJECT MODULE PLACED IN ..\output\Hardware.obj
COMPILER INVOKED BY: D:\c51_keil\C51\BIN\C51.EXE SourceFile\KQA_OS\Hardware.c LARGE OPTIMIZE(8,SPEED) BROWSE INCDIR(.\He
                    -adFile\Arch;.\HeadFile\OS_api;.\HeadFile\KQA_OS;.\HeadFile\App_api;.\HeadFile\App\Command_Conter;.\HeadFile\App\Command_
                    -DataStructure;.\HeadFile\App\Command_Device;.\HeadFile\App\Command_Repeater;.\HeadFile\App\Command_WhiteList;.\HeadFile\
                    -App\Command_Kernel;.\HeadFile\MiddlewareBoardcast;.\HeadFile\MiddlewareMenu;.\HeadFile\MiddlewareTask;.\HeadFile\Middlew
                    -areWireless;.\HeadFile\MiddlewareSocket;.\HeadFile\MiddlewareWesocket) DEBUG OBJECTEXTEND PRINT(..\listing\Hardware.lst)
                    - OBJECT(..\output\Hardware.obj)

line level    source

   1          #include "Hardware.h"
   2          
   3          
   4          static Hardware *Hardware_self;
   5          
   6          
   7          void Hardware_Init(void *self)
   8          {
   9   1              Hardware_self = self;
  10   1              
  11   1              Hardware_self->init = Hardware_Init;    
  12   1              
  13   1              Hardware_self->reboot = HAL_REBOOT;
  14   1              
  15   1              Hardware_self->feedWatchdog = HAL_WATCHDOG;
  16   1              
  17   1              // 硬件初始化
  18   1              //
  19   1              HAL_HARDWARE_INIT();
  20   1              
  21   1              // 系统时钟滴答初始化
  22   1              //
  23   1              HAL_SYSTEMTIME_INIT();
  24   1      }
  25          
  26          
  27          
  28          
  29          


MODULE INFORMATION:   STATIC OVERLAYABLE
   CODE SIZE        =    133    ----
   CONSTANT SIZE    =   ----    ----
   XDATA SIZE       =      3    ----
   PDATA SIZE       =   ----    ----
   DATA SIZE        =   ----    ----
   IDATA SIZE       =   ----    ----
   BIT SIZE         =   ----    ----
END OF MODULE INFORMATION.


C51 COMPILATION COMPLETE.  0 WARNING(S),  0 ERROR(S)
