C51 COMPILER V9.54   MIDDLEWARE_CONTROLLERDEVICELIST                                       01/10/2017 18:08:20 PAGE 1   


C51 COMPILER V9.54, COMPILATION OF MODULE MIDDLEWARE_CONTROLLERDEVICELIST
OBJECT MODULE PLACED IN ..\output\Middleware_ControllerDeviceList.obj
COMPILER INVOKED BY: D:\c51_keil\C51\BIN\C51.EXE SourceFile\MiddlewareWesocket\Middleware_ControllerDeviceList.c LARGE O
                    -PTIMIZE(8,SPEED) BROWSE INCDIR(.\HeadFile\Arch;.\HeadFile\OS_api;.\HeadFile\KQA_OS;.\HeadFile\App_api;.\HeadFile\App\Com
                    -mand_Conter;.\HeadFile\App\Command_DataStructure;.\HeadFile\App\Command_Device;.\HeadFile\App\Command_Repeater;.\HeadFil
                    -e\App\Command_WhiteList;.\HeadFile\App\Command_Kernel;.\HeadFile\MiddlewareBoardcast;.\HeadFile\MiddlewareWesocket) DEBU
                    -G OBJECTEXTEND PRINT(..\listing\Middleware_ControllerDeviceList.lst) OBJECT(..\output\Middleware_ControllerDeviceList.ob
                    -j)

line level    source

   1          #include "Middleware_ControllerDeviceList.h"
   2          
   3          
   4          bool ControllerDeviceList_DealFrameText(uint8_t **Data)
   5          {
   6   1              uint8_t xdata mode;
   7   1              
   8   1              uint16_t  xdata deviceNo;
   9   1              
  10   1              uint8_t xdata deviceType;
  11   1              
  12   1              uint8_t xdata deviceMasterRouter[3];
  13   1              
  14   1              // 获取操作模式
  15   1              //
  16   1              if (!Json_ReceiveFrameFirstbyteValue(Data, "mode\":\"", 7, &mode))
  17   1              {
  18   2                      return 0;
  19   2              }
  20   1              // 如果是更新模式，那么先清空设备列表
  21   1              //
  22   1              if (mode == 'U' || mode == 'u')
  23   1              {
  24   2      //              DeviceInfo_Del_All();
  25   2              }
  26   1              
  27   1              // 获取设备列表数据
  28   1              //
  29   1              while (1)
  30   1              {
  31   2                      if (!Json_ReceiveFrameUintValue(Data, "dn\":\"", 5, &deviceNo))
  32   2                      {
  33   3                              return 1;
  34   3                      }
  35   2                      if (!Json_ReceiveFrameCharValue(Data, "dt\":\"", 5, &deviceType))
  36   2                      {
  37   3                              return 0;
  38   3                      }
  39   2                      if (!Json_ReceiveFrameRouterValue(Data, "mr\":\"", 5, deviceMasterRouter))
  40   2                      {
  41   3                              return 0;
  42   3                      }
  43   2                      switch (mode)
  44   2                      {
  45   3                              case 'U':
  46   3                              case 'u':
  47   3                              case 'A':
  48   3                              case 'a':
  49   3      //                              DeviceInfo_Add(deviceNo, deviceType, deviceMasterRouter);
  50   3                                      break;
C51 COMPILER V9.54   MIDDLEWARE_CONTROLLERDEVICELIST                                       01/10/2017 18:08:20 PAGE 2   

  51   3                              
  52   3                              case 'D':
  53   3                              case 'd':
  54   3      //                              DeviceInfo_Del(deviceNo, deviceType);
  55   3                                      break;
  56   3                              
  57   3                              default:
  58   3                                      return 0;
  59   3                      }
  60   2              }
  61   1      }
  62          
  63          
  64          
  65          


MODULE INFORMATION:   STATIC OVERLAYABLE
   CODE SIZE        =    239    ----
   CONSTANT SIZE    =     26    ----
   XDATA SIZE       =   ----      10
   PDATA SIZE       =   ----    ----
   DATA SIZE        =   ----    ----
   IDATA SIZE       =   ----    ----
   BIT SIZE         =   ----    ----
END OF MODULE INFORMATION.


C51 COMPILATION COMPLETE.  0 WARNING(S),  0 ERROR(S)
