C51 COMPILER V9.54   MIDDLEWARE_BOARDCAST                                                  01/18/2017 12:57:31 PAGE 1   


C51 COMPILER V9.54, COMPILATION OF MODULE MIDDLEWARE_BOARDCAST
OBJECT MODULE PLACED IN ..\output\Middleware_Boardcast.obj
COMPILER INVOKED BY: D:\c51_keil\C51\BIN\C51.EXE SourceFile\MiddlewareBoardcast\Middleware_Boardcast.c LARGE OPTIMIZE(8,
                    -SPEED) BROWSE INCDIR(.\HeadFile\Arch;.\HeadFile\OS_api;.\HeadFile\KQA_OS;.\HeadFile\App_api;.\HeadFile\App\Command_Conte
                    -r;.\HeadFile\App\Command_DataStructure;.\HeadFile\App\Command_Device;.\HeadFile\App\Command_Repeater;.\HeadFile\App\Comm
                    -and_WhiteList;.\HeadFile\App\Command_Kernel;.\HeadFile\MiddlewareBoardcast;.\HeadFile\MiddlewareMenu;.\HeadFile\Middlewa
                    -reTask;.\HeadFile\MiddlewareWireless;.\HeadFile\MiddlewareSocket;.\HeadFile\MiddlewareWesocket) DEBUG OBJECTEXTEND PRINT
                    -(..\listing\Middleware_Boardcast.lst) OBJECT(..\output\Middleware_Boardcast.obj)

line level    source

   1          #include "Middleware_Boardcast.h"
   2          
   3          
   4          #ifdef  USING_MODULE_NETWORK
   5          
   6          
   7          // 接收网络数据任务
   8          //
   9          void MiddlewareBoardcast_FastTask(void)
  10          {
  11   1              static  uint8_t         MiddlewareBoardcast_Command[80];
  12   1              
  13   1              uint16_t        MiddlewareBoardcast_CommandLen = 0;
  14   1              
  15   1              // 读取数据
  16   1              //
  17   1              MiddlewareBoardcast_CommandLen = App_Hal_Api.network->readBoardcast(MiddlewareBoardcast_Command);
  18   1      
  19   1              // 数据不为空，信道可用或者不需要信道，校验合法；满足前面三种条件立即执行
  20   1              //
  21   1              if (MiddlewareBoardcast_CommandLen &&
  22   1                      (MiddlewareBoardcast_Command[Enum_CommandNo] == 0x61 || MiddlewareBoardcast_Command[Enum_CommandNo] == 0
             -x63))
  23   1              {
  24   2                      if (PC_CheckCommand(MiddlewareBoardcast_Command, MiddlewareBoardcast_CommandLen))
  25   2                      {
  26   3                              App_Hal_Api.led->setTime(YELLOW_LED, 2);                                                                                        // 亮黄灯
  27   3                              
  28   3                              Network_DealControlData(MiddlewareBoardcast_Command);                                                           // 处理服务器数据
  29   3                      }
  30   2              }
  31   1              
  32   1      }
  33          
  34          
  35          
  36          #endif
  37          
  38          
  39          
  40          
  41          
  42          
  43          
  44          


MODULE INFORMATION:   STATIC OVERLAYABLE
   CODE SIZE        =    118    ----
   CONSTANT SIZE    =   ----    ----
C51 COMPILER V9.54   MIDDLEWARE_BOARDCAST                                                  01/18/2017 12:57:31 PAGE 2   

   XDATA SIZE       =     80    ----
   PDATA SIZE       =   ----    ----
   DATA SIZE        =   ----    ----
   IDATA SIZE       =   ----    ----
   BIT SIZE         =   ----    ----
END OF MODULE INFORMATION.


C51 COMPILATION COMPLETE.  0 WARNING(S),  0 ERROR(S)
