C51 COMPILER V9.54   PARAMETER                                                             01/18/2017 12:11:30 PAGE 1   


C51 COMPILER V9.54, COMPILATION OF MODULE PARAMETER
OBJECT MODULE PLACED IN ..\output\Parameter.obj
COMPILER INVOKED BY: D:\c51_keil\C51\BIN\C51.EXE SourceFile\KQA_OS\Parameter.c LARGE OPTIMIZE(8,SPEED) BROWSE INCDIR(.\H
                    -eadFile\Arch;.\HeadFile\OS_api;.\HeadFile\KQA_OS;.\HeadFile\App_api;.\HeadFile\App\Command_Conter;.\HeadFile\App\Command
                    -_DataStructure;.\HeadFile\App\Command_Device;.\HeadFile\App\Command_Repeater;.\HeadFile\App\Command_WhiteList;.\HeadFile
                    -\App\Command_Kernel;.\HeadFile\MiddlewareBoardcast;.\HeadFile\MiddlewareMenu;.\HeadFile\MiddlewareTask;.\HeadFile\Middle
                    -wareWireless;.\HeadFile\MiddlewareSocket;.\HeadFile\MiddlewareWesocket) DEBUG OBJECTEXTEND PRINT(..\listing\Parameter.ls
                    -t) OBJECT(..\output\Parameter.obj)

line level    source

   1          #include "Parameter.h"
   2          
   3          
   4          static Parameter *Parameter_self;
   5          
   6          
   7          
   8          void Parameter_Init(void *self)
   9          {
  10   1              Parameter_self = self;
  11   1              
  12   1              Parameter_self->init = Parameter_Init;
  13   1              
  14   1              Parameter_self->read = HAL_PARAMETER_READBYTE;
  15   1              
  16   1              Parameter_self->write = HAL_PARAMETER_WRITEBYTE;        
  17   1              
  18   1              Parameter_self->erase = HAL_PARAMETER_ERASE;
  19   1      }
  20          
  21          
  22          
  23          
  24          
  25          
  26          


MODULE INFORMATION:   STATIC OVERLAYABLE
   CODE SIZE        =    125    ----
   CONSTANT SIZE    =   ----    ----
   XDATA SIZE       =      3    ----
   PDATA SIZE       =   ----    ----
   DATA SIZE        =   ----    ----
   IDATA SIZE       =   ----    ----
   BIT SIZE         =   ----    ----
END OF MODULE INFORMATION.


C51 COMPILATION COMPLETE.  0 WARNING(S),  0 ERROR(S)
