C51 COMPILER V9.54   PCA                                                                   01/18/2017 11:05:43 PAGE 1   


C51 COMPILER V9.54, COMPILATION OF MODULE PCA
OBJECT MODULE PLACED IN ..\output\PCA.obj
COMPILER INVOKED BY: D:\c51_keil\C51\BIN\C51.EXE SourceFile\Arch\PCA.c LARGE OPTIMIZE(8,SPEED) BROWSE INCDIR(.\HeadFile\
                    -Arch;.\HeadFile\OS_api;.\HeadFile\KQA_OS;.\HeadFile\App_api;.\HeadFile\App\Command_Conter;.\HeadFile\App\Command_DataStr
                    -ucture;.\HeadFile\App\Command_Device;.\HeadFile\App\Command_Repeater;.\HeadFile\App\Command_WhiteList;.\HeadFile\App\Com
                    -mand_Kernel;.\HeadFile\MiddlewareBoardcast;.\HeadFile\MiddlewareMenu;.\HeadFile\MiddlewareTask;.\HeadFile\MiddlewareWire
                    -less;.\HeadFile\MiddlewareSocket;.\HeadFile\MiddlewareWesocket) DEBUG OBJECTEXTEND PRINT(..\listing\PCA.lst) OBJECT(..\o
                    -utput\PCA.obj)

line level    source

   1          #include "PCA.h"
   2          
   3          
   4          uint16_t   PCA_Value;
   5          
   6          
   7          void Pca_Init(void)
   8          {
   9   1          CCON = 0;                       // Initial PCA control register
  10   1                                          // PCA timer stop running
  11   1                                          // Clear CF flag
  12   1                                          // Clear all module interrupt flag
  13   1          CL = 0;                         // Reset PCA base timer
  14   1          CH = 0;
  15   1          CMOD = 0x00;                    // Set PCA timer clock source as Fosc/12
  16   1                                          // Disable PCA timer overflow interrupt
  17   1          PCA_Value = T1000Hz;
  18   1          CCAP0L = PCA_Value;
  19   1          CCAP0H = PCA_Value >> 8;        // Initial PCA module-0
  20   1          
  21   1          CCAPM0 = 0x49;                  // PCA module-0 work in 16-bool timer mode and enable PCA interrupt
  22   1          
  23   1          PPCA = 1;
  24   1          
  25   1          CR = 0;                         // PCA timer stop
  26   1      }
  27          
  28          
  29          
  30          
  31          
  32          


MODULE INFORMATION:   STATIC OVERLAYABLE
   CODE SIZE        =     39    ----
   CONSTANT SIZE    =   ----    ----
   XDATA SIZE       =      2    ----
   PDATA SIZE       =   ----    ----
   DATA SIZE        =   ----    ----
   IDATA SIZE       =   ----    ----
   BIT SIZE         =   ----    ----
END OF MODULE INFORMATION.


C51 COMPILATION COMPLETE.  0 WARNING(S),  0 ERROR(S)
