C51 COMPILER V9.54   SPI                                                                   01/18/2017 11:05:44 PAGE 1   


C51 COMPILER V9.54, COMPILATION OF MODULE SPI
OBJECT MODULE PLACED IN ..\output\SPI.obj
COMPILER INVOKED BY: D:\c51_keil\C51\BIN\C51.EXE SourceFile\Arch\SPI.c LARGE OPTIMIZE(8,SPEED) BROWSE INCDIR(.\HeadFile\
                    -Arch;.\HeadFile\OS_api;.\HeadFile\KQA_OS;.\HeadFile\App_api;.\HeadFile\App\Command_Conter;.\HeadFile\App\Command_DataStr
                    -ucture;.\HeadFile\App\Command_Device;.\HeadFile\App\Command_Repeater;.\HeadFile\App\Command_WhiteList;.\HeadFile\App\Com
                    -mand_Kernel;.\HeadFile\MiddlewareBoardcast;.\HeadFile\MiddlewareMenu;.\HeadFile\MiddlewareTask;.\HeadFile\MiddlewareWire
                    -less;.\HeadFile\MiddlewareSocket;.\HeadFile\MiddlewareWesocket) DEBUG OBJECTEXTEND PRINT(..\listing\SPI.lst) OBJECT(..\o
                    -utput\SPI.obj)

line level    source

   1          #include "SPI.h"
   2          
   3          //
   4          //
   5          uint8_t         bdata           DATA_BUF;               // 数据忙标志
   6          sbit    flag                    = DATA_BUF^7;   // 数据忙标志
   7          sbit    flag1                   = DATA_BUF^0;
   8          
   9          
  10           
  11          void Spi_Write(uint8_t  byte)
  12          {
  13   1              uint8_t i;      
  14   1          
  15   1              DATA_BUF=byte;                          // Put function's parameter into a bdata variable               
  16   1              for (i=0;i<8;i++)                       // Setup byte circulation bits
  17   1              {       
  18   2                      
  19   2                      if (flag)                               // Put DATA_BUF.7 on data line
  20   2                              MOSI=1;
  21   2                      else
  22   2                              MOSI=0;
  23   2                      SCK=1;                                  // Set clock line high
  24   2                      DATA_BUF=DATA_BUF<<1;   // Shift DATA_BUF
  25   2                      SCK=0;                                  // Set clock line low 
  26   2              }
  27   1      }
  28          
  29          
  30          
  31          uint8_t Spi_Read(void)
  32          {
  33   1              uint8_t i;
  34   1              
  35   1              for (i=0;i<8;i++)                       // Setup byte circulation bits
  36   1              {       
  37   2                      DATA_BUF=DATA_BUF<<1;   // Right shift DATA_BUF
  38   2                      SCK=1;                                  // Set clock line high
  39   2                      if (MISO)
  40   2                              flag1=1;                        // Read data
  41   2                      else
  42   2                              flag1=0;
  43   2                                                              
  44   2                      
  45   2                      SCK=0;                                  // Set clock line low
  46   2              }
  47   1              return DATA_BUF;                        // Return function parameter
  48   1      }


C51 COMPILER V9.54   SPI                                                                   01/18/2017 11:05:44 PAGE 2   

MODULE INFORMATION:   STATIC OVERLAYABLE
   CODE SIZE        =     58    ----
   CONSTANT SIZE    =   ----    ----
   XDATA SIZE       =   ----    ----
   PDATA SIZE       =   ----    ----
   DATA SIZE        =      1    ----
   IDATA SIZE       =   ----    ----
   BIT SIZE         =   ----    ----
END OF MODULE INFORMATION.


C51 COMPILATION COMPLETE.  0 WARNING(S),  0 ERROR(S)
