C51 COMPILER V9.54   TIMER0                                                                01/18/2017 11:05:43 PAGE 1   


C51 COMPILER V9.54, COMPILATION OF MODULE TIMER0
OBJECT MODULE PLACED IN ..\output\Timer0.obj
COMPILER INVOKED BY: D:\c51_keil\C51\BIN\C51.EXE SourceFile\Arch\Timer0.c LARGE OPTIMIZE(8,SPEED) BROWSE INCDIR(.\HeadFi
                    -le\Arch;.\HeadFile\OS_api;.\HeadFile\KQA_OS;.\HeadFile\App_api;.\HeadFile\App\Command_Conter;.\HeadFile\App\Command_Data
                    -Structure;.\HeadFile\App\Command_Device;.\HeadFile\App\Command_Repeater;.\HeadFile\App\Command_WhiteList;.\HeadFile\App\
                    -Command_Kernel;.\HeadFile\MiddlewareBoardcast;.\HeadFile\MiddlewareMenu;.\HeadFile\MiddlewareTask;.\HeadFile\MiddlewareW
                    -ireless;.\HeadFile\MiddlewareSocket;.\HeadFile\MiddlewareWesocket) DEBUG OBJECTEXTEND PRINT(..\listing\Timer0.lst) OBJEC
                    -T(..\output\Timer0.obj)

line level    source

   1          #include "Timer0.h"
   2          
   3          
   4          uint32_t        __SystemTicks = 0;
   5          
   6          
   7          // 1ms interrupt
   8          //
   9          void Timer0_Init(void)
  10          {
  11   1              AUXR &= 0x7F;           // 定时器时钟12T模式
  12   1              
  13   1              TMOD &= 0xF0;           // 设置定时器模式
  14   1              
  15   1              TL0 = 0xCD;                     // 设置定时初值
  16   1              
  17   1              TH0 = 0xF8;                     // 设置定时初值
  18   1              
  19   1              TF0 = 0;                        // 清除TF0标志
  20   1              
  21   1              TR0 = 1;                        // 定时器0开始计时
  22   1              
  23   1      //      PT0 = 1;                        // 提高时钟优先级
  24   1              
  25   1              ET0 = 1;                        // 允许定时器0中断
  26   1      }
  27          
  28          
  29          void Timer0_Interrupt(void) interrupt 1
  30          {
  31   1              __SystemTicks++;
  32   1      }
  33          
  34          
  35          uint32_t Timer0_SystemTicks(void)
  36          {
  37   1              return __SystemTicks;
  38   1      }
  39          
  40          
  41          
  42          
  43          
  44          
  45          
  46          
  47          
  48          
  49          
  50          
C51 COMPILER V9.54   TIMER0                                                                01/18/2017 11:05:43 PAGE 2   

  51          


MODULE INFORMATION:   STATIC OVERLAYABLE
   CODE SIZE        =    109    ----
   CONSTANT SIZE    =   ----    ----
   XDATA SIZE       =      4    ----
   PDATA SIZE       =   ----    ----
   DATA SIZE        =   ----    ----
   IDATA SIZE       =   ----    ----
   BIT SIZE         =   ----    ----
END OF MODULE INFORMATION.


C51 COMPILATION COMPLETE.  0 WARNING(S),  0 ERROR(S)
