C51 COMPILER V9.54   TYPES                                                                 01/18/2017 11:05:43 PAGE 1   


C51 COMPILER V9.54, COMPILATION OF MODULE TYPES
OBJECT MODULE PLACED IN ..\output\types.obj
COMPILER INVOKED BY: D:\c51_keil\C51\BIN\C51.EXE SourceFile\Arch\types.c LARGE OPTIMIZE(8,SPEED) BROWSE INCDIR(.\HeadFil
                    -e\Arch;.\HeadFile\OS_api;.\HeadFile\KQA_OS;.\HeadFile\App_api;.\HeadFile\App\Command_Conter;.\HeadFile\App\Command_DataS
                    -tructure;.\HeadFile\App\Command_Device;.\HeadFile\App\Command_Repeater;.\HeadFile\App\Command_WhiteList;.\HeadFile\App\C
                    -ommand_Kernel;.\HeadFile\MiddlewareBoardcast;.\HeadFile\MiddlewareMenu;.\HeadFile\MiddlewareTask;.\HeadFile\MiddlewareWi
                    -reless;.\HeadFile\MiddlewareSocket;.\HeadFile\MiddlewareWesocket) DEBUG OBJECTEXTEND PRINT(..\listing\types.lst) OBJECT(
                    -..\output\types.obj)

line level    source

   1          #include "types.h"
   2          
   3          
   4          Time_TypeDef SysTime = {16, 12, 9, 5, 18, 14, 0};
   5          
   6          
   7          void InitLed(void)
   8          {
   9   1              P3M0 &= ~0x3B; P3M1 &= ~0x3B;
  10   1      }
  11          
  12          
  13          void LedGreen(uint8_t action)
  14          {
  15   1              if (action == 2)
  16   1                      COM_GREEN = ~COM_GREEN;
  17   1              else
  18   1                      COM_GREEN = action;
  19   1      }
  20          
  21          
  22          void LedBlue(uint8_t action)
  23          {
  24   1              if (action == 2)
  25   1                      WLS_BLUE = ~WLS_BLUE;
  26   1              else
  27   1                      WLS_BLUE = action;
  28   1      }
  29          
  30          
  31          void LedYellow(uint8_t action)
  32          {
  33   1              if (action == 2)
  34   1                      PWR_YELLOW = ~PWR_YELLOW;
  35   1              else
  36   1                      PWR_YELLOW = action;
  37   1      }
  38          
  39          
  40          void InitBeep(void)
  41          {
  42   1              P3M0 &= ~0x20; P3M1 &= ~0x20;
  43   1      }
  44          
  45          
  46          void BeepAction(uint8_t action)
  47          {
  48   1              PP = action;
  49   1      }
  50          
C51 COMPILER V9.54   TYPES                                                                 01/18/2017 11:05:43 PAGE 2   

  51          void ClearWatchdog(void)
  52          {
  53   1              WDT_CONTR = 0x3E;                                               // PS2, PS1, PS0: 1, 0, 0(1.25S), 1, 1, 0(2.5S), 1, 1, 1(5S)
  54   1      }
  55          
  56          
  57          void Reboot(void)
  58          {
  59   1              IAP_CONTR |= 0x60;
  60   1      }
  61          
  62          
  63          void Delay1us(void)                                                     //@22.1184MHz
  64          {
  65   1              unsigned char xdata i;
  66   1      
  67   1              i = 3;
  68   1              
  69   1              while (--i);
  70   1      }
  71          
  72          
  73          void  Delay1ms(uint16_t ms)                                     //@22.1184MHz
  74          {
  75   1              static uint8_t i;
  76   1              static uint8_t j;
  77   1              
  78   1              while (ms--)
  79   1          {
  80   2              _nop_();
  81   2                      _nop_();
  82   2                      i = 22;
  83   2                      j = 128;
  84   2                      do
  85   2                      {
  86   3                              while (--j);
  87   3                      } while (--i);
  88   2          }
  89   1      }
  90          
  91          


MODULE INFORMATION:   STATIC OVERLAYABLE
   CODE SIZE        =    113    ----
   CONSTANT SIZE    =   ----    ----
   XDATA SIZE       =      9    ----
   PDATA SIZE       =   ----    ----
   DATA SIZE        =   ----    ----
   IDATA SIZE       =   ----    ----
   BIT SIZE         =   ----    ----
END OF MODULE INFORMATION.


C51 COMPILATION COMPLETE.  0 WARNING(S),  0 ERROR(S)
