C51 COMPILER V9.54   USRC210                                                               01/18/2017 12:41:11 PAGE 1   


C51 COMPILER V9.54, COMPILATION OF MODULE USRC210
OBJECT MODULE PLACED IN ..\output\UsrC210.obj
COMPILER INVOKED BY: D:\c51_keil\C51\BIN\C51.EXE SourceFile\Arch\UsrC210.c LARGE OPTIMIZE(8,SPEED) BROWSE INCDIR(.\HeadF
                    -ile\Arch;.\HeadFile\OS_api;.\HeadFile\KQA_OS;.\HeadFile\App_api;.\HeadFile\App\Command_Conter;.\HeadFile\App\Command_Dat
                    -aStructure;.\HeadFile\App\Command_Device;.\HeadFile\App\Command_Repeater;.\HeadFile\App\Command_WhiteList;.\HeadFile\App
                    -\Command_Kernel;.\HeadFile\MiddlewareBoardcast;.\HeadFile\MiddlewareMenu;.\HeadFile\MiddlewareTask;.\HeadFile\Middleware
                    -Wireless;.\HeadFile\MiddlewareSocket;.\HeadFile\MiddlewareWesocket) DEBUG OBJECTEXTEND PRINT(..\listing\UsrC210.lst) OBJ
                    -ECT(..\output\UsrC210.obj)

line level    source

   1          #include "UsrC210.h"
   2          
   3          
   4          // ------------------------------------------------私有接口-----------------------------------------------
             -------------
   5          // -------------------------------------------------------------------------------------------------------
             -------------
   6          //
   7          
   8          
   9          // 进入指令模式（200ms指令不能发送其他指令，然后发送“+++”，等待'a'，然后发送'a'进入临时指令模式）
  10          //
  11          bool UsrC210_EnterCommandMode(void)
  12          {
  13   1              uint8_t *tmpBuffer;
  14   1              
  15   1              uint16_t  tmpBufferLen;
  16   1              
  17   1              Delay1ms(200);
  18   1              
  19   1              Uart2_SendString("+++"); Uart2_SetMode1();
  20   1              
  21   1              Delay1ms(300);
  22   1              
  23   1              tmpBufferLen = Uart2_Mode1_ReceiveString(&tmpBuffer);
  24   1              
  25   1              tmpBuffer[tmpBufferLen] = 0;
  26   1              
  27   1              printf("buffer[%u]: %s\r\n", tmpBufferLen, tmpBuffer);
  28   1              
  29   1              Uart2_SendString("a"); Uart2_SetMode1();
  30   1              
  31   1              Delay1ms(300);
  32   1              
  33   1              tmpBufferLen = Uart2_Mode1_ReceiveString(&tmpBuffer);
  34   1              
  35   1              tmpBuffer[tmpBufferLen] = 0;
  36   1              
  37   1              printf("buffer[%u]: %s\r\n", tmpBufferLen, tmpBuffer);
  38   1              
  39   1              return 1;
  40   1      }
  41          
  42          
  43          // 获取串口参数
  44          //
  45          bool UsrC210_ATUART(void)
  46          {
  47   1              uint8_t *tmpBuffer;
  48   1              
C51 COMPILER V9.54   USRC210                                                               01/18/2017 12:41:11 PAGE 2   

  49   1              uint16_t  tmpBufferLen;
  50   1              
  51   1              Uart2_SendString("AT+UART\r"); Uart2_SetMode1();
  52   1              
  53   1              Delay1ms(2000);
  54   1              
  55   1              tmpBufferLen = Uart2_Mode1_ReceiveString(&tmpBuffer);
  56   1              
  57   1              tmpBuffer[tmpBufferLen] = 0;
  58   1              
  59   1              printf("buffer[%u]: %s\r\n", tmpBufferLen, tmpBuffer);
  60   1              
  61   1              return 1;
  62   1      }
  63          
  64          
  65          // 扫描网络
  66          //
  67          bool UsrC210_ATWSCAN(void)
  68          {
  69   1              uint8_t *tmpBuffer;
  70   1              
  71   1              uint16_t  tmpBufferLen;
  72   1              
  73   1              Uart2_SendString("AT+WSCAN\r"); Uart2_SetMode1();
  74   1              
  75   1              Delay1ms(2000);
  76   1              
  77   1              tmpBufferLen = Uart2_Mode1_ReceiveString(&tmpBuffer);
  78   1              
  79   1              tmpBuffer[tmpBufferLen] = 0;
  80   1              
  81   1              printf("buffer[%u]: %s\r\n", tmpBufferLen, tmpBuffer);
  82   1              
  83   1              return 1;
  84   1      }
  85          
  86          
  87          // 设置工作模式，AP， STATION
  88          //
  89          bool UsrC210_ATWMODE(void)
  90          {
  91   1              uint8_t *tmpBuffer;
  92   1              
  93   1              uint16_t  tmpBufferLen;
  94   1              
  95   1              Uart2_SendString("AT+WMODE=STA\r"); Uart2_SetMode1();
  96   1              
  97   1              Delay1ms(300);
  98   1              
  99   1              tmpBufferLen = Uart2_Mode1_ReceiveString(&tmpBuffer);
 100   1              
 101   1              tmpBuffer[tmpBufferLen] = 0;
 102   1              
 103   1              printf("buffer[%u]: %s\r\n", tmpBufferLen, tmpBuffer);
 104   1              
 105   1              return 1;
 106   1      }
 107          
 108          
 109          // 作为STA连接AP
 110          //
C51 COMPILER V9.54   USRC210                                                               01/18/2017 12:41:11 PAGE 3   

 111          bool UsrC210_ATWSTA(uint8_t *ssid, uint8_t *key)
 112          {
 113   1              uint8_t *tmpBuffer;
 114   1              
 115   1              uint16_t  tmpBufferLen;
 116   1              
 117   1      //      Uart2_SendString("AT+WSTA=kkk,12345678\r");
 118   1              Uart2_SendString("AT+WSTA=");
 119   1              Uart2_SendString(ssid);
 120   1              Uart2_SendByte(',');
 121   1              Uart2_SendString(key);
 122   1              Uart2_SendByte('\r'); Uart2_SetMode1();
 123   1              
 124   1              Delay1ms(300);
 125   1              
 126   1              tmpBufferLen = Uart2_Mode1_ReceiveString(&tmpBuffer);
 127   1              
 128   1              tmpBuffer[tmpBufferLen] = 0;
 129   1              
 130   1              printf("buffer[%u]: %s\r\n", tmpBufferLen, tmpBuffer);
 131   1              
 132   1              return 1;
 133   1      }
 134          
 135          
 136          // 查询DHCP获取到的IP，网关，掩码等
 137          //
 138          bool UsrC210_ATWANN(void)
 139          {
 140   1              uint8_t *tmpBuffer;
 141   1              
 142   1              uint16_t  tmpBufferLen;
 143   1              
 144   1              Uart2_SendString("AT+WANN\r"); Uart2_SetMode1();
 145   1              
 146   1              Delay1ms(300);
 147   1              
 148   1              tmpBufferLen = Uart2_Mode1_ReceiveString(&tmpBuffer);
 149   1              
 150   1              tmpBuffer[tmpBufferLen] = 0;
 151   1              
 152   1              printf("buffer[%u]: %s\r\n", tmpBufferLen, tmpBuffer);
 153   1              
 154   1              return 1;
 155   1      }
 156          
 157          
 158          // 查询wifi连接状态
 159          //
 160          bool UsrC210_ATWSLK(void)
 161          {
 162   1              uint8_t *tmpBuffer;
 163   1              
 164   1              uint16_t  tmpBufferLen;
 165   1              
 166   1              Uart2_SendString("AT+WSLK\r"); Uart2_SetMode1();
 167   1              
 168   1              Delay1ms(500);
 169   1              
 170   1              tmpBufferLen = Uart2_Mode1_ReceiveString(&tmpBuffer);
 171   1              
 172   1              tmpBuffer[tmpBufferLen] = 0;
C51 COMPILER V9.54   USRC210                                                               01/18/2017 12:41:11 PAGE 4   

 173   1              
 174   1              printf("buffer[%u]: %s\r\n", tmpBufferLen, tmpBuffer);
 175   1              
 176   1              return 1;
 177   1      }
 178          
 179          
 180          // ping
 181          //
 182          bool UsrC210_ATPING(uint8_t *ip)
 183          {
 184   1              uint8_t *tmpBuffer;
 185   1              
 186   1              uint16_t  tmpBufferLen;
 187   1              
 188   1              Uart2_SendString("AT+PING=");
 189   1              Uart2_SendString(ip);
 190   1              Uart2_SendByte('\r'); Uart2_SetMode1();
 191   1              
 192   1              Delay1ms(300);
 193   1              
 194   1              tmpBufferLen = Uart2_Mode1_ReceiveString(&tmpBuffer);
 195   1              
 196   1              tmpBuffer[tmpBufferLen] = 0;
 197   1              
 198   1              printf("buffer[%u]: %s\r\n", tmpBufferLen, tmpBuffer);
 199   1              
 200   1              return 1;
 201   1      }
 202          
 203          
 204          // 连接远程服务器
 205          //
 206          bool UsrC210_ATSOCKA(uint8_t *ip, uint8_t *port)
 207          {
 208   1              uint8_t *tmpBuffer;
 209   1              
 210   1              uint16_t  tmpBufferLen;
 211   1              
 212   1      //      Uart2_SendString("AT+SOCKA=TCPC,120.25.124.122,4002\r");
 213   1      //      Uart2_SendString("AT+SOCKA=TCPC,");
 214   1              Uart2_SendString("AT+SOCKA=UDPS,");
 215   1              Uart2_SendString(ip);
 216   1              Uart2_SendByte(',');
 217   1              Uart2_SendString(port);
 218   1              Uart2_SendByte('\r'); Uart2_SetMode1();
 219   1              
 220   1              Delay1ms(500);
 221   1              
 222   1              tmpBufferLen = Uart2_Mode1_ReceiveString(&tmpBuffer);
 223   1              
 224   1              tmpBuffer[tmpBufferLen] = 0;
 225   1              
 226   1              printf("buffer[%u]: %s\r\n", tmpBufferLen, tmpBuffer);
 227   1              
 228   1              return 1;
 229   1      }
 230          
 231          
 232          // 查询服务器tcp连接状态
 233          //
 234          bool UsrC210_ATSOCKLKA(void)
C51 COMPILER V9.54   USRC210                                                               01/18/2017 12:41:11 PAGE 5   

 235          {
 236   1              uint8_t *tmpBuffer;
 237   1              
 238   1              uint16_t  tmpBufferLen;
 239   1              
 240   1              Uart2_SendString("AT+SOCKLKA\r"); Uart2_SetMode1();
 241   1              
 242   1              Delay1ms(500);
 243   1              
 244   1              tmpBufferLen = Uart2_Mode1_ReceiveString(&tmpBuffer);
 245   1              
 246   1              tmpBuffer[tmpBufferLen] = 0;
 247   1              
 248   1              printf("buffer[%u]: %s\r\n", tmpBufferLen, tmpBuffer);
 249   1              
 250   1              return 1;
 251   1      }
 252          
 253          
 254          
 255          // 断开服务器连接
 256          //
 257          bool UsrC210_ATSOCKDISA(void)
 258          {
 259   1              uint8_t *tmpBuffer;
 260   1              
 261   1              uint16_t  tmpBufferLen;
 262   1              
 263   1              Uart2_SendString("AT+SOCKDISA=off\r\n"); Uart2_SetMode1();
 264   1              
 265   1              Delay1ms(500);
 266   1              
 267   1              tmpBufferLen = Uart2_Mode1_ReceiveString(&tmpBuffer);
 268   1              
 269   1              tmpBuffer[tmpBufferLen] = 0;
 270   1              
 271   1              printf("buffer[%u]: %s\r\n", tmpBufferLen, tmpBuffer);
 272   1              
 273   1              return 1;
 274   1      }
 275          
 276          
 277          // 查询mac地址
 278          //
 279          bool UsrC210_ATMAC(void)
 280          {
 281   1              uint8_t *tmpBuffer;
 282   1              
 283   1              uint16_t  tmpBufferLen;
 284   1              
 285   1              Uart2_SendString("AT+MAC\r"); Uart2_SetMode1();
 286   1              
 287   1              Delay1ms(300);
 288   1              
 289   1              tmpBufferLen = Uart2_Mode1_ReceiveString(&tmpBuffer);
 290   1              
 291   1              tmpBuffer[tmpBufferLen] = 0;
 292   1              
 293   1              printf("buffer[%u]: %s\r\n", tmpBufferLen, tmpBuffer);
 294   1              
 295   1              return 1;
 296   1      }
C51 COMPILER V9.54   USRC210                                                               01/18/2017 12:41:11 PAGE 6   

 297          
 298          
 299          // 重启模块，生效
 300          //
 301          bool UsrC210_ATZ(void)
 302          {
 303   1              uint8_t *tmpBuffer;
 304   1              
 305   1              uint16_t  tmpBufferLen;
 306   1              
 307   1              Uart2_SendString("AT+Z\r"); Uart2_SetMode1();
 308   1              
 309   1              Delay1ms(300);
 310   1              
 311   1              tmpBufferLen = Uart2_Mode1_ReceiveString(&tmpBuffer);
 312   1              
 313   1              tmpBuffer[tmpBufferLen] = 0;
 314   1              
 315   1              printf("buffer[%u]: %s\r\n", tmpBufferLen, tmpBuffer);
 316   1              
 317   1              return 1;
 318   1      }
 319          
 320          
 321          
 322          // 退出指令模式
 323          //
 324          bool UsrC210_ExitCommandMode(void)
 325          {
 326   1              uint8_t *tmpBuffer;
 327   1              
 328   1              uint16_t  tmpBufferLen;
 329   1              
 330   1              Uart2_SendString("AT+ENTM\r"); Uart2_SetMode1();
 331   1              
 332   1              Delay1ms(300);
 333   1              
 334   1              tmpBufferLen = Uart2_Mode1_ReceiveString(&tmpBuffer);
 335   1              
 336   1              tmpBuffer[tmpBufferLen] = 0;
 337   1              
 338   1              printf("buffer[%u]: %s\r\n", tmpBufferLen, tmpBuffer);
 339   1              
 340   1              Uart2_SetMode0();
 341   1              
 342   1              return 1;
 343   1      }
 344          
 345          
 346          // ------------------------------------------------公共接口-----------------------------------------------
             -------------
 347          // -------------------------------------------------------------------------------------------------------
             -------------
 348          //
 349          
 350          
 351          void UsrC210_Init(void)
 352          {
 353   1              Uart2_Init();
 354   1              
 355   1      //      WIFI_NRELOAD = 1;                                                                                       // 默认上拉
 356   1              
C51 COMPILER V9.54   USRC210                                                               01/18/2017 12:41:11 PAGE 7   

 357   1      //      Delay1ms(5000);
 358   1      //      
 359   1      //      UsrC210_EnterCommandMode();
 360   1      //      
 361   1      //      UsrC210_ATWMODE(1);
 362   1      //      
 363   1      //      UsrC210_ATWSTA();
 364   1      //      
 365   1      //      UsrC210_ATMAC();
 366   1      //      
 367   1      //      UsrC210_ATWANN();
 368   1      //      
 369   1      //      UsrC210_ATWSLK();
 370   1      //      
 371   1      //      UsrC210_ATSOCKA();
 372   1      //      
 373   1      //      UsrC210_ATSOCKLKA();
 374   1      //      
 375   1      //      UsrC210_ExitCommandMode();
 376   1      }
 377          
 378          
 379          
 380          // 获取串口波特率
 381          //
 382          void UsrC210_GetUart(void)
 383          {
 384   1              UsrC210_EnterCommandMode();
 385   1              
 386   1              UsrC210_ATWMODE();
 387   1              
 388   1              UsrC210_ATUART();
 389   1              
 390   1              UsrC210_ExitCommandMode();
 391   1      }
 392          
 393          
 394          // 扫描wifi热点
 395          //
 396          void UsrC210_Scan(void)
 397          {
 398   1              UsrC210_EnterCommandMode();
 399   1              
 400   1              UsrC210_ATWSCAN();
 401   1              
 402   1              UsrC210_ExitCommandMode();
 403   1      }
 404          
 405          
 406          
 407          // 连接wifi热点
 408          //
 409          void UsrC210_LinkAP(uint8_t *ssid, uint8_t *key)
 410          {
 411   1              UsrC210_EnterCommandMode();
 412   1              
 413   1              UsrC210_ATWMODE();
 414   1              
 415   1              UsrC210_ATWSTA(ssid, key);
 416   1              
 417   1              UsrC210_ExitCommandMode();
 418   1      }
C51 COMPILER V9.54   USRC210                                                               01/18/2017 12:41:11 PAGE 8   

 419          
 420          
 421          // 查询wifi热点连接状态
 422          //
 423          void UsrC210_HotspotStatus(void)
 424          {
 425   1              UsrC210_EnterCommandMode();
 426   1              
 427   1              UsrC210_ATWSLK();
 428   1              
 429   1              UsrC210_ExitCommandMode();
 430   1      }
 431          
 432          
 433          // 查询dhcp分配的ip等
 434          //
 435          void UsrC210_Dhcp(void)
 436          {
 437   1              UsrC210_EnterCommandMode();
 438   1              
 439   1              UsrC210_ATWANN();
 440   1              
 441   1              UsrC210_ExitCommandMode();
 442   1      }
 443          
 444          
 445          // ping 一个ip
 446          //
 447          void UsrC210_Ping(uint8_t *ip)
 448          {
 449   1              UsrC210_EnterCommandMode();
 450   1              
 451   1              UsrC210_ATPING(ip);
 452   1              
 453   1              UsrC210_ExitCommandMode();
 454   1      }
 455          
 456          
 457          // 连接服务器
 458          //
 459          void UsrC210_connectServer(uint8_t *ip, uint8_t *port)
 460          {
 461   1              UsrC210_EnterCommandMode();
 462   1              
 463   1              UsrC210_ATSOCKA(ip, port);
 464   1              
 465   1              UsrC210_ExitCommandMode();
 466   1      }
 467          
 468          
 469          // 查询服务器的连接状态
 470          //
 471          void UsrC210_ServerStatus(void)
 472          {
 473   1              UsrC210_EnterCommandMode();
 474   1              
 475   1              UsrC210_ATSOCKLKA();
 476   1              
 477   1              UsrC210_ExitCommandMode();
 478   1      }
 479          
 480          
C51 COMPILER V9.54   USRC210                                                               01/18/2017 12:41:11 PAGE 9   

 481          // 断开服务器的连接
 482          //
 483          void UsrC210_disconnectServer(void)
 484          {
 485   1              UsrC210_EnterCommandMode();
 486   1              
 487   1              UsrC210_ATSOCKDISA();
 488   1              
 489   1              UsrC210_ExitCommandMode();
 490   1      }
 491          
 492          
 493          // 查询mac地址
 494          //
 495          void UsrC210_QueryMac(void)
 496          {
 497   1              UsrC210_EnterCommandMode();
 498   1              
 499   1              UsrC210_ATMAC();
 500   1              
 501   1              UsrC210_ExitCommandMode();
 502   1      }
 503          
 504          
 505          // 重启wifi模块
 506          //
 507          void UsrC210_Reboot(void)
 508          {
 509   1              UsrC210_EnterCommandMode();
 510   1              
 511   1              UsrC210_ATZ();
 512   1              
 513   1              UsrC210_ExitCommandMode();
 514   1      }
 515          
 516          
 517          
 518          
 519          
 520          
 521          


MODULE INFORMATION:   STATIC OVERLAYABLE
   CODE SIZE        =   1641    ----
   CONSTANT SIZE    =    160    ----
   XDATA SIZE       =   ----      72
   PDATA SIZE       =   ----    ----
   DATA SIZE        =   ----    ----
   IDATA SIZE       =   ----    ----
   BIT SIZE         =   ----    ----
END OF MODULE INFORMATION.


C51 COMPILATION COMPLETE.  0 WARNING(S),  0 ERROR(S)
