C51 COMPILER V9.54   WIRELESS                                                              01/20/2017 14:38:16 PAGE 1   


C51 COMPILER V9.54, COMPILATION OF MODULE WIRELESS
OBJECT MODULE PLACED IN ..\output\Wireless.obj
COMPILER INVOKED BY: D:\c51_keil\C51\BIN\C51.EXE SourceFile\KQA_OS\Wireless.c LARGE OPTIMIZE(8,SPEED) BROWSE INCDIR(.\He
                    -adFile\Arch;.\HeadFile\OS_api;.\HeadFile\KQA_OS;.\HeadFile\App_api;.\HeadFile\App\Command_Conter;.\HeadFile\App\Command_
                    -DataStructure;.\HeadFile\App\Command_Device;.\HeadFile\App\Command_Repeater;.\HeadFile\App\Command_WhiteList;.\HeadFile\
                    -App\Command_Kernel;.\HeadFile\MiddlewareBoardcast;.\HeadFile\MiddlewareMenu;.\HeadFile\MiddlewareTask;.\HeadFile\Middlew
                    -areWireless;.\HeadFile\MiddlewareSocket;.\HeadFile\MiddlewareWesocket) DEBUG OBJECTEXTEND PRINT(..\listing\Wireless.lst)
                    - OBJECT(..\output\Wireless.obj)

line level    source

   1          #include "Wireless.h"
   2          
   3          
   4          
   5          static Wireless *Wireless_self;
   6          
   7          
   8          void Wireless_ChangeChannel(uint8_t channelNo)
   9          {
  10   1              Wireless_self->channelNo = channelNo;
  11   1              
  12   1              HAL_WIRELESS_INIT(channelNo);
  13   1      }
  14          
  15          
  16          void Wireless_Init(void *self)
  17          {
  18   1              Wireless_self = self;
  19   1              
  20   1              Wireless_self->init = Wireless_Init;
  21   1              
  22   1              Wireless_self->changeChannel = Wireless_ChangeChannel;
  23   1              
  24   1              Wireless_self->avilable = HAL_WIRELESS_AVAILABE;
  25   1              
  26   1              Wireless_self->write = HAL_WIRELESS_SEND;
  27   1              
  28   1              Wireless_self->read = HAL_WIRELESS_RECEIVE;
  29   1              
  30   1              Wireless_self->changeChannel(0x00);
  31   1              
  32   1              Wireless_self->changeChannel(0x00);
  33   1              
  34   1              Wireless_self->changeChannel(0x00);
  35   1      }
  36          
  37          
  38          
  39          
  40          


MODULE INFORMATION:   STATIC OVERLAYABLE
   CODE SIZE        =    252    ----
   CONSTANT SIZE    =   ----    ----
   XDATA SIZE       =      3    ----
   PDATA SIZE       =   ----    ----
   DATA SIZE        =   ----    ----
   IDATA SIZE       =   ----    ----
   BIT SIZE         =   ----    ----
C51 COMPILER V9.54   WIRELESS                                                              01/20/2017 14:38:16 PAGE 2   

END OF MODULE INFORMATION.


C51 COMPILATION COMPLETE.  0 WARNING(S),  0 ERROR(S)
